Using pre-set license
Built from '2021.3/staging' branch; Version is '2021.3.8f1 (b30333d56e81) revision 11731763'; Using compiler version '192829333'; Build Type 'Release'
OS: 'Windows 10  (10.0.19044) 64bit Professional' Language: 'en' Physical Memory: 32609 MB
BatchMode: 1, IsHumanControllingUs: 0, StartBugReporterOnCrash: 0, Is64bit: 1, IsPro: 1

COMMAND LINE ARGUMENTS:
C:\Program Files\Unity\Editor\2021.3.8f1\Editor\Unity.exe
-adb2
-batchMode
-noUpm
-name
AssetImportWorker1
-projectPath
F:/Workspace/Race Game
-logFile
Logs/AssetImportWorker1.log
-srvPort
59317
Successfully changed project path to: F:/Workspace/Race Game
F:/Workspace/Race Game
[UnityMemory] Configuration Parameters - Can be set up in boot.config
    "memorysetup-bucket-allocator-granularity=16"
    "memorysetup-bucket-allocator-bucket-count=8"
    "memorysetup-bucket-allocator-block-size=33554432"
    "memorysetup-bucket-allocator-block-count=8"
    "memorysetup-main-allocator-block-size=16777216"
    "memorysetup-thread-allocator-block-size=16777216"
    "memorysetup-gfx-main-allocator-block-size=16777216"
    "memorysetup-gfx-thread-allocator-block-size=16777216"
    "memorysetup-cache-allocator-block-size=4194304"
    "memorysetup-typetree-allocator-block-size=2097152"
    "memorysetup-profiler-bucket-allocator-granularity=16"
    "memorysetup-profiler-bucket-allocator-bucket-count=8"
    "memorysetup-profiler-bucket-allocator-block-size=33554432"
    "memorysetup-profiler-bucket-allocator-block-count=8"
    "memorysetup-profiler-allocator-block-size=16777216"
    "memorysetup-profiler-editor-allocator-block-size=1048576"
    "memorysetup-temp-allocator-size-main=16777216"
    "memorysetup-job-temp-allocator-block-size=2097152"
    "memorysetup-job-temp-allocator-block-size-background=1048576"
    "memorysetup-job-temp-allocator-reduction-small-platforms=262144"
    "memorysetup-temp-allocator-size-background-worker=32768"
    "memorysetup-temp-allocator-size-job-worker=262144"
    "memorysetup-temp-allocator-size-preload-manager=33554432"
    "memorysetup-temp-allocator-size-nav-mesh-worker=65536"
    "memorysetup-temp-allocator-size-audio-worker=65536"
    "memorysetup-temp-allocator-size-cloud-worker=32768"
    "memorysetup-temp-allocator-size-gi-baking-worker=262144"
    "memorysetup-temp-allocator-size-gfx=262144"
Refreshing native plugins compatible for Editor in 132.30 ms, found 2 plugins.
Preloading 0 native plugins for Editor in 0.00 ms.
Initialize engine version: 2021.3.8f1 (b30333d56e81)
[Subsystems] Discovering subsystems at path C:/Program Files/Unity/Editor/2021.3.8f1/Editor/Data/Resources/UnitySubsystems
[Subsystems] Discovering subsystems at path F:/Workspace/Race Game/Assets
GfxDevice: creating device client; threaded=0; jobified=0
Direct3D:
    Version:  Direct3D 11.0 [level 11.1]
    Renderer: NVIDIA GeForce GTX 1660 Ti with Max-Q Design (ID=0x2191)
    Vendor:   NVIDIA
    VRAM:     5991 MB
    Driver:   31.0.15.1694
Initialize mono
Mono path[0] = 'C:/Program Files/Unity/Editor/2021.3.8f1/Editor/Data/Managed'
Mono path[1] = 'C:/Program Files/Unity/Editor/2021.3.8f1/Editor/Data/MonoBleedingEdge/lib/mono/unityjit-win32'
Mono config path = 'C:/Program Files/Unity/Editor/2021.3.8f1/Editor/Data/MonoBleedingEdge/etc'
Using monoOptions --debugger-agent=transport=dt_socket,embedding=1,server=y,suspend=n,address=127.0.0.1:56556
Begin MonoManager ReloadAssembly
Registering precompiled unity dll's ...
Register platform support module: C:/Program Files/Unity/Editor/2021.3.8f1/Editor/Data/PlaybackEngines/WebGLSupport/UnityEditor.WebGL.Extensions.dll
Register platform support module: C:/Program Files/Unity/Editor/2021.3.8f1/Editor/Data/PlaybackEngines/AndroidPlayer/UnityEditor.Android.Extensions.dll
Register platform support module: C:/Program Files/Unity/Editor/2021.3.8f1/Editor/Data/PlaybackEngines/WindowsStandaloneSupport/UnityEditor.WindowsStandalone.Extensions.dll
Registered in 0.032491 seconds.
Native extension for WindowsStandalone target not found
Native extension for Android target not found
Native extension for WebGL target not found
Refreshing native plugins compatible for Editor in 128.31 ms, found 2 plugins.
Preloading 0 native plugins for Editor in 0.00 ms.
Mono: successfully reloaded assembly
- Completed reload, in  2.107 seconds
Domain Reload Profiling:
	ReloadAssembly (2108ms)
		BeginReloadAssembly (272ms)
			ExecutionOrderSort (0ms)
			DisableScriptedObjects (0ms)
			BackupInstance (0ms)
			ReleaseScriptingObjects (0ms)
			CreateAndSetChildDomain (2ms)
		EndReloadAssembly (1401ms)
			LoadAssemblies (267ms)
			RebuildTransferFunctionScriptingTraits (0ms)
			SetupTypeCache (402ms)
			ReleaseScriptCaches (0ms)
			RebuildScriptCaches (110ms)
			SetupLoadedEditorAssemblies (714ms)
				LogAssemblyErrors (0ms)
				InitializePlatformSupportModulesInManaged (241ms)
				SetLoadedEditorAssemblies (1ms)
				RefreshPlugins (128ms)
				BeforeProcessingInitializeOnLoad (4ms)
				ProcessInitializeOnLoadAttributes (237ms)
				ProcessInitializeOnLoadMethodAttributes (103ms)
				AfterProcessingInitializeOnLoad (0ms)
				EditorAssembliesLoaded (0ms)
			ExecutionOrderSort2 (0ms)
			AwakeInstancesAfterBackupRestoration (0ms)
Platform modules already initialized, skipping
Registering precompiled user dll's ...
Registered in 0.006144 seconds.
Begin MonoManager ReloadAssembly
Native extension for WindowsStandalone target not found
Native extension for Android target not found
Native extension for WebGL target not found
Refreshing native plugins compatible for Editor in 1.01 ms, found 2 plugins.
Preloading 0 native plugins for Editor in 0.00 ms.
Mono: successfully reloaded assembly
- Completed reload, in  3.304 seconds
Domain Reload Profiling:
	ReloadAssembly (3306ms)
		BeginReloadAssembly (597ms)
			ExecutionOrderSort (0ms)
			DisableScriptedObjects (22ms)
			BackupInstance (0ms)
			ReleaseScriptingObjects (0ms)
			CreateAndSetChildDomain (176ms)
		EndReloadAssembly (2351ms)
			LoadAssemblies (269ms)
			RebuildTransferFunctionScriptingTraits (0ms)
			SetupTypeCache (680ms)
			ReleaseScriptCaches (1ms)
			RebuildScriptCaches (180ms)
			SetupLoadedEditorAssemblies (1122ms)
				LogAssemblyErrors (0ms)
				InitializePlatformSupportModulesInManaged (47ms)
				SetLoadedEditorAssemblies (1ms)
				RefreshPlugins (1ms)
				BeforeProcessingInitializeOnLoad (207ms)
				ProcessInitializeOnLoadAttributes (756ms)
				ProcessInitializeOnLoadMethodAttributes (83ms)
				AfterProcessingInitializeOnLoad (25ms)
				EditorAssembliesLoaded (0ms)
			ExecutionOrderSort2 (0ms)
			AwakeInstancesAfterBackupRestoration (17ms)
Platform modules already initialized, skipping
========================================================================
Worker process is ready to serve import requests
Launched and connected shader compiler UnityShaderCompiler.exe after 0.11 seconds
Refreshing native plugins compatible for Editor in 1.46 ms, found 2 plugins.
Preloading 0 native plugins for Editor in 0.00 ms.
Unloading 1912 Unused Serialized files (Serialized files now loaded: 0)
Unloading 32 unused Assets / (105.0 KB). Loaded Objects now: 2424.
Memory consumption went from 126.7 MB to 126.6 MB.
Total: 6.703900 ms (FindLiveObjects: 0.324600 ms CreateObjectMapping: 0.196600 ms MarkObjects: 6.102600 ms  DeleteObjects: 0.078400 ms)

AssetImportParameters requested are different than current active one (requested -> active):
  custom:video-decoder-ogg-theora: a1e56fd34408186e4bbccfd4996cb3dc -> 
  custom:container-muxer-webm: aa71ff27fc2769a1b78a27578f13a17b -> 
  custom:container-demuxer-webm: 4f35f7cbe854078d1ac9338744f61a02 -> 
  custom:video-encoder-webm-vp8: eb34c28f22e8b96e1ab97ce403110664 -> 
  custom:audio-encoder-webm-vorbis: bf7c407c2cedff20999df2af8eb42d56 -> 
  custom:framework-win-MediaFoundation: 216162199b28c13a410421893ffa2e32 -> 
  custom:container-demuxer-ogg: 62fdf1f143b41e24485cea50d1cbac27 -> 
  custom:video-decoder-webm-vp8: 9c59270c3fd7afecdb556c50c9e8de78 -> 
  custom:audio-decoder-ogg-vorbis: bf7c407c2cedff20999df2af8eb42d56 -> 
========================================================================
Received Import Request.
  Time since last request: 1994446.720685 seconds.
  path: Assets/Preferbs/OpponentCars/OpponentCar1.prefab
  artifactKey: Guid(f0acae35c2b6a1942964e8224d6e4492) Importer(815301076,1909f56bfc062723c751e8b465ee728b)
Start importing Assets/Preferbs/OpponentCars/OpponentCar1.prefab using Guid(f0acae35c2b6a1942964e8224d6e4492) Importer(815301076,1909f56bfc062723c751e8b465ee728b)  -> (artifact id: '0ae6a074215ad643c9b40a55ed273a42') in 0.388384 seconds 
========================================================================
Received Import Request.
  Time since last request: 0.000049 seconds.
  path: Assets/Preferbs/OpponentCars/OpponentCar4.prefab
  artifactKey: Guid(7438f435c2f6ba34f8fd6348e4d8d16a) Importer(815301076,1909f56bfc062723c751e8b465ee728b)
Start importing Assets/Preferbs/OpponentCars/OpponentCar4.prefab using Guid(7438f435c2f6ba34f8fd6348e4d8d16a) Importer(815301076,1909f56bfc062723c751e8b465ee728b)  -> (artifact id: '7f5cb03e3cfec7f83f0bcc536f254a30') in 0.035264 seconds 
========================================================================
Received Import Request.
  Time since last request: 0.000034 seconds.
  path: Assets/Preferbs/OpponentCars/OpponentCar3.prefab
  artifactKey: Guid(b47df0f32954cc54fb1b0c6af3e748db) Importer(815301076,1909f56bfc062723c751e8b465ee728b)
Start importing Assets/Preferbs/OpponentCars/OpponentCar3.prefab using Guid(b47df0f32954cc54fb1b0c6af3e748db) Importer(815301076,1909f56bfc062723c751e8b465ee728b)  -> (artifact id: 'dfa72f6af1eb61233652f4fa755b3b21') in 0.044139 seconds 
========================================================================
Received Import Request.
  Time since last request: 33777.334921 seconds.
  path: Assets/Simple Garage/Prefabs/Air conditioner.prefab
  artifactKey: Guid(5d9e31e51999f8140a28bb843779b408) Importer(815301076,1909f56bfc062723c751e8b465ee728b)
Start importing Assets/Simple Garage/Prefabs/Air conditioner.prefab using Guid(5d9e31e51999f8140a28bb843779b408) Importer(815301076,1909f56bfc062723c751e8b465ee728b)  -> (artifact id: '7f914126ebb721f748b4ec022af7013d') in 0.046427 seconds 
========================================================================
Received Import Request.
  Time since last request: 0.000056 seconds.
  path: Assets/Simple Garage/Prefabs/Camouflage suitcase with relief.prefab
  artifactKey: Guid(f7bdaa83bdaad934a8a4b0b9f6c4fb02) Importer(815301076,1909f56bfc062723c751e8b465ee728b)
Start importing Assets/Simple Garage/Prefabs/Camouflage suitcase with relief.prefab using Guid(f7bdaa83bdaad934a8a4b0b9f6c4fb02) Importer(815301076,1909f56bfc062723c751e8b465ee728b)  -> (artifact id: '27371f49120d5d9dddaaf5b90f6fc76a') in 0.530361 seconds 
========================================================================
Received Import Request.
  Time since last request: 0.000044 seconds.
  path: Assets/Simple Garage/Prefabs/Drill Bits.002.prefab
  artifactKey: Guid(275bc328fcd1eb04fb72cc009cabfce3) Importer(815301076,1909f56bfc062723c751e8b465ee728b)
Start importing Assets/Simple Garage/Prefabs/Drill Bits.002.prefab using Guid(275bc328fcd1eb04fb72cc009cabfce3) Importer(815301076,1909f56bfc062723c751e8b465ee728b)  -> (artifact id: '1c8d0a9849116ae9c1aa99b074014875') in 0.012229 seconds 
========================================================================
Received Import Request.
  Time since last request: 0.000028 seconds.
  path: Assets/Simple Garage/Prefabs/Bench Grinder.prefab
  artifactKey: Guid(3d4bab21fdd292d47a71771febe12688) Importer(815301076,1909f56bfc062723c751e8b465ee728b)
Start importing Assets/Simple Garage/Prefabs/Bench Grinder.prefab using Guid(3d4bab21fdd292d47a71771febe12688) Importer(815301076,1909f56bfc062723c751e8b465ee728b)  -> (artifact id: '96241406d73dc776d2b546c9f08c1157') in 0.022932 seconds 
========================================================================
Received Import Request.
  Time since last request: 0.000053 seconds.
  path: Assets/Simple Garage/Prefabs/Cone Drill Bits.prefab
  artifactKey: Guid(8dbf5974b63bbac47b54ea7fea047018) Importer(815301076,1909f56bfc062723c751e8b465ee728b)
Start importing Assets/Simple Garage/Prefabs/Cone Drill Bits.prefab using Guid(8dbf5974b63bbac47b54ea7fea047018) Importer(815301076,1909f56bfc062723c751e8b465ee728b)  -> (artifact id: '0ebd983b3415517c3edce0ae315f893e') in 0.012836 seconds 
========================================================================
Received Import Request.
  Time since last request: 0.000043 seconds.
  path: Assets/Simple Garage/Prefabs/Clamps.prefab
  artifactKey: Guid(30760f0ad9c258b46961c1bae456d937) Importer(815301076,1909f56bfc062723c751e8b465ee728b)
Start importing Assets/Simple Garage/Prefabs/Clamps.prefab using Guid(30760f0ad9c258b46961c1bae456d937) Importer(815301076,1909f56bfc062723c751e8b465ee728b)  -> (artifact id: 'f3cd10d78dc6ce33d6331619ca0c3c27') in 0.017625 seconds 
========================================================================
Received Import Request.
  Time since last request: 0.000046 seconds.
  path: Assets/Simple Garage/Prefabs/Big shelf.prefab
  artifactKey: Guid(ba1db479a16cd0b44b996dec67002477) Importer(815301076,1909f56bfc062723c751e8b465ee728b)
Start importing Assets/Simple Garage/Prefabs/Big shelf.prefab using Guid(ba1db479a16cd0b44b996dec67002477) Importer(815301076,1909f56bfc062723c751e8b465ee728b)  -> (artifact id: '173c89b5a3224f51be181a60b16da974') in 0.054197 seconds 
========================================================================
Received Import Request.
  Time since last request: 0.000035 seconds.
  path: Assets/Simple Garage/Prefabs/Drill bits Lying.prefab
  artifactKey: Guid(c3c81b5a0491f094ea289ef28f273e6d) Importer(815301076,1909f56bfc062723c751e8b465ee728b)
Start importing Assets/Simple Garage/Prefabs/Drill bits Lying.prefab using Guid(c3c81b5a0491f094ea289ef28f273e6d) Importer(815301076,1909f56bfc062723c751e8b465ee728b)  -> (artifact id: '53315c31efc9853fc6c332c88ec0807b') in 0.015109 seconds 
========================================================================
Received Import Request.
  Time since last request: 44.693561 seconds.
  path: Assets/Simple Garage/Scenes/Garage Scene/Lightmap-0_comp_dir.png
  artifactKey: Guid(7547cbd9bac8f914ba45e1b63ae535fb) Importer(815301076,1909f56bfc062723c751e8b465ee728b)
Start importing Assets/Simple Garage/Scenes/Garage Scene/Lightmap-0_comp_dir.png using Guid(7547cbd9bac8f914ba45e1b63ae535fb) Importer(815301076,1909f56bfc062723c751e8b465ee728b)  -> (artifact id: '39a43f948a31a96584a00ec9dd4200fd') in 0.028358 seconds 
========================================================================
Received Import Request.
  Time since last request: 0.000030 seconds.
  path: Assets/Simple Garage/Scenes/Garage Scene/Lightmap-2_comp_light.exr
  artifactKey: Guid(50ac17d2c1e29094db35e087bc33af03) Importer(815301076,1909f56bfc062723c751e8b465ee728b)
Start importing Assets/Simple Garage/Scenes/Garage Scene/Lightmap-2_comp_light.exr using Guid(50ac17d2c1e29094db35e087bc33af03) Importer(815301076,1909f56bfc062723c751e8b465ee728b)  -> (artifact id: '0367f66a9ed4d3fbf92336dec39735e3') in 0.025315 seconds 
========================================================================
Received Import Request.
  Time since last request: 0.000047 seconds.
  path: Assets/Simple Garage/Scenes/Garage Scene/ReflectionProbe-0.exr
  artifactKey: Guid(a797c04cd375710459b400e342583ac4) Importer(815301076,1909f56bfc062723c751e8b465ee728b)
Start importing Assets/Simple Garage/Scenes/Garage Scene/ReflectionProbe-0.exr using Guid(a797c04cd375710459b400e342583ac4) Importer(815301076,1909f56bfc062723c751e8b465ee728b)  -> (artifact id: '54b6f1b809b2954b402eebcfba53ada3') in 0.040773 seconds 
========================================================================
Received Import Request.
  Time since last request: 0.000042 seconds.
  path: Assets/Simple Garage/Scenes/Garage Scene/ReflectionProbe-1.exr
  artifactKey: Guid(3da0c1072f4af4b4a8e13b6fde183694) Importer(815301076,1909f56bfc062723c751e8b465ee728b)
Start importing Assets/Simple Garage/Scenes/Garage Scene/ReflectionProbe-1.exr using Guid(3da0c1072f4af4b4a8e13b6fde183694) Importer(815301076,1909f56bfc062723c751e8b465ee728b)  -> (artifact id: 'bbf8e4fa788f9c7b1bd0379363dfa092') in 0.017964 seconds 
========================================================================
Received Import Request.
  Time since last request: 0.000049 seconds.
  path: Assets/Simple Garage/Scenes/Garage Scene/Lightmap-4_comp_dir.png
  artifactKey: Guid(04ac0cfdbaf9d9c4585121606bac9803) Importer(815301076,1909f56bfc062723c751e8b465ee728b)
Start importing Assets/Simple Garage/Scenes/Garage Scene/Lightmap-4_comp_dir.png using Guid(04ac0cfdbaf9d9c4585121606bac9803) Importer(815301076,1909f56bfc062723c751e8b465ee728b)  -> (artifact id: '004a6d80ef376bb21c5251e6bb6f1b1b') in 0.020112 seconds 
Editor requested this worker to shutdown with reason: Scaling down because of idle timeout
AssetImportWorker is now disconnected from the server
Process exiting
Exiting without the bug reporter. Application will terminate with return code 0