Using pre-set license
Built from '2021.3/staging' branch; Version is '2021.3.8f1 (b30333d56e81) revision 11731763'; Using compiler version '192829333'; Build Type 'Release'
OS: 'Windows 10  (10.0.19044) 64bit Professional' Language: 'en' Physical Memory: 32609 MB
BatchMode: 1, IsHumanControllingUs: 0, StartBugReporterOnCrash: 0, Is64bit: 1, IsPro: 1

COMMAND LINE ARGUMENTS:
C:\Program Files\Unity\Editor\2021.3.8f1\Editor\Unity.exe
-adb2
-batchMode
-noUpm
-name
AssetImportWorker4
-projectPath
F:/Workspace/Race Game
-logFile
Logs/AssetImportWorker4.log
-srvPort
59317
Successfully changed project path to: F:/Workspace/Race Game
F:/Workspace/Race Game
[UnityMemory] Configuration Parameters - Can be set up in boot.config
    "memorysetup-bucket-allocator-granularity=16"
    "memorysetup-bucket-allocator-bucket-count=8"
    "memorysetup-bucket-allocator-block-size=33554432"
    "memorysetup-bucket-allocator-block-count=8"
    "memorysetup-main-allocator-block-size=16777216"
    "memorysetup-thread-allocator-block-size=16777216"
    "memorysetup-gfx-main-allocator-block-size=16777216"
    "memorysetup-gfx-thread-allocator-block-size=16777216"
    "memorysetup-cache-allocator-block-size=4194304"
    "memorysetup-typetree-allocator-block-size=2097152"
    "memorysetup-profiler-bucket-allocator-granularity=16"
    "memorysetup-profiler-bucket-allocator-bucket-count=8"
    "memorysetup-profiler-bucket-allocator-block-size=33554432"
    "memorysetup-profiler-bucket-allocator-block-count=8"
    "memorysetup-profiler-allocator-block-size=16777216"
    "memorysetup-profiler-editor-allocator-block-size=1048576"
    "memorysetup-temp-allocator-size-main=16777216"
    "memorysetup-job-temp-allocator-block-size=2097152"
    "memorysetup-job-temp-allocator-block-size-background=1048576"
    "memorysetup-job-temp-allocator-reduction-small-platforms=262144"
    "memorysetup-temp-allocator-size-background-worker=32768"
    "memorysetup-temp-allocator-size-job-worker=262144"
    "memorysetup-temp-allocator-size-preload-manager=33554432"
    "memorysetup-temp-allocator-size-nav-mesh-worker=65536"
    "memorysetup-temp-allocator-size-audio-worker=65536"
    "memorysetup-temp-allocator-size-cloud-worker=32768"
    "memorysetup-temp-allocator-size-gi-baking-worker=262144"
    "memorysetup-temp-allocator-size-gfx=262144"
Refreshing native plugins compatible for Editor in 128.78 ms, found 2 plugins.
Preloading 0 native plugins for Editor in 0.00 ms.
Initialize engine version: 2021.3.8f1 (b30333d56e81)
[Subsystems] Discovering subsystems at path C:/Program Files/Unity/Editor/2021.3.8f1/Editor/Data/Resources/UnitySubsystems
[Subsystems] Discovering subsystems at path F:/Workspace/Race Game/Assets
GfxDevice: creating device client; threaded=0; jobified=0
Direct3D:
    Version:  Direct3D 11.0 [level 11.1]
    Renderer: NVIDIA GeForce GTX 1660 Ti with Max-Q Design (ID=0x2191)
    Vendor:   NVIDIA
    VRAM:     5991 MB
    Driver:   31.0.15.1694
Initialize mono
Mono path[0] = 'C:/Program Files/Unity/Editor/2021.3.8f1/Editor/Data/Managed'
Mono path[1] = 'C:/Program Files/Unity/Editor/2021.3.8f1/Editor/Data/MonoBleedingEdge/lib/mono/unityjit-win32'
Mono config path = 'C:/Program Files/Unity/Editor/2021.3.8f1/Editor/Data/MonoBleedingEdge/etc'
Using monoOptions --debugger-agent=transport=dt_socket,embedding=1,server=y,suspend=n,address=127.0.0.1:56436
Begin MonoManager ReloadAssembly
Registering precompiled unity dll's ...
Register platform support module: C:/Program Files/Unity/Editor/2021.3.8f1/Editor/Data/PlaybackEngines/WebGLSupport/UnityEditor.WebGL.Extensions.dll
Register platform support module: C:/Program Files/Unity/Editor/2021.3.8f1/Editor/Data/PlaybackEngines/AndroidPlayer/UnityEditor.Android.Extensions.dll
Register platform support module: C:/Program Files/Unity/Editor/2021.3.8f1/Editor/Data/PlaybackEngines/WindowsStandaloneSupport/UnityEditor.WindowsStandalone.Extensions.dll
Registered in 0.025609 seconds.
Native extension for WindowsStandalone target not found
Native extension for Android target not found
Native extension for WebGL target not found
Refreshing native plugins compatible for Editor in 147.86 ms, found 2 plugins.
Preloading 0 native plugins for Editor in 0.00 ms.
Mono: successfully reloaded assembly
- Completed reload, in  2.061 seconds
Domain Reload Profiling:
	ReloadAssembly (2062ms)
		BeginReloadAssembly (253ms)
			ExecutionOrderSort (0ms)
			DisableScriptedObjects (0ms)
			BackupInstance (0ms)
			ReleaseScriptingObjects (0ms)
			CreateAndSetChildDomain (3ms)
		EndReloadAssembly (1415ms)
			LoadAssemblies (245ms)
			RebuildTransferFunctionScriptingTraits (0ms)
			SetupTypeCache (343ms)
			ReleaseScriptCaches (0ms)
			RebuildScriptCaches (109ms)
			SetupLoadedEditorAssemblies (793ms)
				LogAssemblyErrors (0ms)
				InitializePlatformSupportModulesInManaged (198ms)
				SetLoadedEditorAssemblies (1ms)
				RefreshPlugins (148ms)
				BeforeProcessingInitializeOnLoad (4ms)
				ProcessInitializeOnLoadAttributes (325ms)
				ProcessInitializeOnLoadMethodAttributes (116ms)
				AfterProcessingInitializeOnLoad (0ms)
				EditorAssembliesLoaded (0ms)
			ExecutionOrderSort2 (0ms)
			AwakeInstancesAfterBackupRestoration (0ms)
Platform modules already initialized, skipping
Registering precompiled user dll's ...
Registered in 0.003420 seconds.
Begin MonoManager ReloadAssembly
Native extension for WindowsStandalone target not found
Native extension for Android target not found
Native extension for WebGL target not found
Refreshing native plugins compatible for Editor in 1.32 ms, found 2 plugins.
Preloading 0 native plugins for Editor in 0.00 ms.
Mono: successfully reloaded assembly
- Completed reload, in  4.753 seconds
Domain Reload Profiling:
	ReloadAssembly (4758ms)
		BeginReloadAssembly (673ms)
			ExecutionOrderSort (0ms)
			DisableScriptedObjects (21ms)
			BackupInstance (0ms)
			ReleaseScriptingObjects (0ms)
			CreateAndSetChildDomain (191ms)
		EndReloadAssembly (3401ms)
			LoadAssemblies (399ms)
			RebuildTransferFunctionScriptingTraits (0ms)
			SetupTypeCache (1129ms)
			ReleaseScriptCaches (1ms)
			RebuildScriptCaches (169ms)
			SetupLoadedEditorAssemblies (1623ms)
				LogAssemblyErrors (0ms)
				InitializePlatformSupportModulesInManaged (68ms)
				SetLoadedEditorAssemblies (2ms)
				RefreshPlugins (2ms)
				BeforeProcessingInitializeOnLoad (255ms)
				ProcessInitializeOnLoadAttributes (1082ms)
				ProcessInitializeOnLoadMethodAttributes (171ms)
				AfterProcessingInitializeOnLoad (42ms)
				EditorAssembliesLoaded (1ms)
			ExecutionOrderSort2 (0ms)
			AwakeInstancesAfterBackupRestoration (29ms)
Platform modules already initialized, skipping
========================================================================
Worker process is ready to serve import requests
Launched and connected shader compiler UnityShaderCompiler.exe after 0.19 seconds
Refreshing native plugins compatible for Editor in 2.33 ms, found 2 plugins.
Preloading 0 native plugins for Editor in 0.00 ms.
Unloading 1912 Unused Serialized files (Serialized files now loaded: 0)
Unloading 32 unused Assets / (105.0 KB). Loaded Objects now: 2424.
Memory consumption went from 127.0 MB to 126.9 MB.
Total: 8.972100 ms (FindLiveObjects: 0.321800 ms CreateObjectMapping: 0.235800 ms MarkObjects: 8.326700 ms  DeleteObjects: 0.086000 ms)

AssetImportParameters requested are different than current active one (requested -> active):
  custom:video-decoder-ogg-theora: a1e56fd34408186e4bbccfd4996cb3dc -> 
  custom:container-muxer-webm: aa71ff27fc2769a1b78a27578f13a17b -> 
  custom:container-demuxer-webm: 4f35f7cbe854078d1ac9338744f61a02 -> 
  custom:video-encoder-webm-vp8: eb34c28f22e8b96e1ab97ce403110664 -> 
  custom:audio-encoder-webm-vorbis: bf7c407c2cedff20999df2af8eb42d56 -> 
  custom:framework-win-MediaFoundation: 216162199b28c13a410421893ffa2e32 -> 
  custom:container-demuxer-ogg: 62fdf1f143b41e24485cea50d1cbac27 -> 
  custom:video-decoder-webm-vp8: 9c59270c3fd7afecdb556c50c9e8de78 -> 
  custom:audio-decoder-ogg-vorbis: bf7c407c2cedff20999df2af8eb42d56 -> 
========================================================================
Received Import Request.
  Time since last request: 2028468.666330 seconds.
  path: Assets/RTG 1.3/Meshes/C-1-1-E.fbx
  artifactKey: Guid(59d88406f0f65e342bb660128a975745) Importer(815301076,1909f56bfc062723c751e8b465ee728b)
Start importing Assets/RTG 1.3/Meshes/C-1-1-E.fbx using Guid(59d88406f0f65e342bb660128a975745) Importer(815301076,1909f56bfc062723c751e8b465ee728b)  -> (artifact id: '62ffa9dcbc1632c2c7ec91c43e41b635') in 0.630304 seconds 
========================================================================
Received Import Request.
  Time since last request: 0.000043 seconds.
  path: Assets/RTG 1.3/Meshes/C-1-2-B.fbx
  artifactKey: Guid(18b15368a972835449e7c37faa37c05f) Importer(815301076,1909f56bfc062723c751e8b465ee728b)
Start importing Assets/RTG 1.3/Meshes/C-1-2-B.fbx using Guid(18b15368a972835449e7c37faa37c05f) Importer(815301076,1909f56bfc062723c751e8b465ee728b)  -> (artifact id: '3c543ce1cd9c88381099546d5dc78076') in 0.240660 seconds 
========================================================================
Received Import Request.
  Time since last request: 0.000059 seconds.
  path: Assets/RTG 1.3/Meshes/C-2-2-A.fbx
  artifactKey: Guid(8a78b5833d3374846a6da1536c564f79) Importer(815301076,1909f56bfc062723c751e8b465ee728b)
Start importing Assets/RTG 1.3/Meshes/C-2-2-A.fbx using Guid(8a78b5833d3374846a6da1536c564f79) Importer(815301076,1909f56bfc062723c751e8b465ee728b)  -> (artifact id: '63a86b6065e3f0a423e4be41115b23f6') in 0.228075 seconds 
========================================================================
Received Import Request.
  Time since last request: 0.000046 seconds.
  path: Assets/RTG 1.3/Meshes/C-1-1-(S)(T).fbx
  artifactKey: Guid(2b530b855bd52134fb099eca0aeca0cd) Importer(815301076,1909f56bfc062723c751e8b465ee728b)
Start importing Assets/RTG 1.3/Meshes/C-1-1-(S)(T).fbx using Guid(2b530b855bd52134fb099eca0aeca0cd) Importer(815301076,1909f56bfc062723c751e8b465ee728b)  -> (artifact id: '6ce893a381116513483c9bed8f545565') in 0.287938 seconds 
========================================================================
Received Import Request.
  Time since last request: 0.000077 seconds.
  path: Assets/RTG 1.3/Meshes/DC-1-2-G.fbx
  artifactKey: Guid(82f82b8732abf7a4bbf04a2b5f130f35) Importer(815301076,1909f56bfc062723c751e8b465ee728b)
Start importing Assets/RTG 1.3/Meshes/DC-1-2-G.fbx using Guid(82f82b8732abf7a4bbf04a2b5f130f35) Importer(815301076,1909f56bfc062723c751e8b465ee728b)  -> (artifact id: 'cdf5405fd880d3de012fce13599c5f60') in 0.397004 seconds 
========================================================================
Received Import Request.
  Time since last request: 0.000169 seconds.
  path: Assets/RTG 1.3/Meshes/R-1-3-A.fbx
  artifactKey: Guid(3a25764312f4ca240aee07ed61fe1497) Importer(815301076,1909f56bfc062723c751e8b465ee728b)
Start importing Assets/RTG 1.3/Meshes/R-1-3-A.fbx using Guid(3a25764312f4ca240aee07ed61fe1497) Importer(815301076,1909f56bfc062723c751e8b465ee728b)  -> (artifact id: 'd2dde4ffbe7a0461968bb7f2a556213e') in 0.320237 seconds 
========================================================================
Received Import Request.
  Time since last request: 0.000033 seconds.
  path: Assets/RTG 1.3/Meshes/C-1-3-A.fbx
  artifactKey: Guid(386c5155137e53c4d83beab5c4e320ab) Importer(815301076,1909f56bfc062723c751e8b465ee728b)
Start importing Assets/RTG 1.3/Meshes/C-1-3-A.fbx using Guid(386c5155137e53c4d83beab5c4e320ab) Importer(815301076,1909f56bfc062723c751e8b465ee728b)  -> (artifact id: '115ee3ac15e0f14f6c26527c70f24d61') in 0.343429 seconds 
========================================================================
Received Import Request.
  Time since last request: 0.000073 seconds.
  path: Assets/RTG 1.3/Meshes/C-2-2-B.fbx
  artifactKey: Guid(18bc2912b7695c54484fd2565c092795) Importer(815301076,1909f56bfc062723c751e8b465ee728b)
Start importing Assets/RTG 1.3/Meshes/C-2-2-B.fbx using Guid(18bc2912b7695c54484fd2565c092795) Importer(815301076,1909f56bfc062723c751e8b465ee728b)  -> (artifact id: 'f78277f0c706947f99028df12ef5a679') in 0.339173 seconds 
========================================================================
Received Import Request.
  Time since last request: 0.000072 seconds.
  path: Assets/RTG 1.3/Meshes/C-3-3-p.fbx
  artifactKey: Guid(9b6c22a0b019ca84f9379770621fef80) Importer(815301076,1909f56bfc062723c751e8b465ee728b)
Start importing Assets/RTG 1.3/Meshes/C-3-3-p.fbx using Guid(9b6c22a0b019ca84f9379770621fef80) Importer(815301076,1909f56bfc062723c751e8b465ee728b)  -> (artifact id: '9f3edea849d9faa8525ebf9455da2aae') in 0.348081 seconds 
========================================================================
Received Import Request.
  Time since last request: 0.000074 seconds.
  path: Assets/RTG 1.3/Meshes/C-2-2-A2.fbx
  artifactKey: Guid(fea87c6dd9aeda34ca88f91610bd84fa) Importer(815301076,1909f56bfc062723c751e8b465ee728b)
Start importing Assets/RTG 1.3/Meshes/C-2-2-A2.fbx using Guid(fea87c6dd9aeda34ca88f91610bd84fa) Importer(815301076,1909f56bfc062723c751e8b465ee728b)  -> (artifact id: 'b059a8d0760d29193e2df7fefe344cd4') in 0.321078 seconds 
========================================================================
Received Import Request.
  Time since last request: 0.000074 seconds.
  path: Assets/RTG 1.3/Meshes/DC-2-3-G.fbx
  artifactKey: Guid(c865a10475be5654994610d793b19e8b) Importer(815301076,1909f56bfc062723c751e8b465ee728b)
Start importing Assets/RTG 1.3/Meshes/DC-2-3-G.fbx using Guid(c865a10475be5654994610d793b19e8b) Importer(815301076,1909f56bfc062723c751e8b465ee728b)  -> (artifact id: '0c5248e622b855e231f2d0e627b8189c') in 0.358971 seconds 
========================================================================
Received Import Request.
  Time since last request: 0.000076 seconds.
  path: Assets/RTG 1.3/Meshes/DC-2-3-K.fbx
  artifactKey: Guid(9f175282ecc51b44cb6ed605318266af) Importer(815301076,1909f56bfc062723c751e8b465ee728b)
Start importing Assets/RTG 1.3/Meshes/DC-2-3-K.fbx using Guid(9f175282ecc51b44cb6ed605318266af) Importer(815301076,1909f56bfc062723c751e8b465ee728b)  -> (artifact id: '31373314d42ac26959732712e420e5b6') in 0.392002 seconds 
========================================================================
Received Import Request.
  Time since last request: 0.000067 seconds.
  path: Assets/RTG 1.3/Meshes/GRID-R-F.fbx
  artifactKey: Guid(120c23c9daf316a4ab373f245bcf3619) Importer(815301076,1909f56bfc062723c751e8b465ee728b)
Start importing Assets/RTG 1.3/Meshes/GRID-R-F.fbx using Guid(120c23c9daf316a4ab373f245bcf3619) Importer(815301076,1909f56bfc062723c751e8b465ee728b)  -> (artifact id: 'b0e1ca40db6dc2a2a3f288730f9294ef') in 0.308051 seconds 
========================================================================
Received Import Request.
  Time since last request: 0.000025 seconds.
  path: Assets/RTG 1.3/Meshes/DC-2-2-P.fbx
  artifactKey: Guid(7145c50e2df6c9742abb019e0f2f5a70) Importer(815301076,1909f56bfc062723c751e8b465ee728b)
Start importing Assets/RTG 1.3/Meshes/DC-2-2-P.fbx using Guid(7145c50e2df6c9742abb019e0f2f5a70) Importer(815301076,1909f56bfc062723c751e8b465ee728b)  -> (artifact id: '920db87c7e23b2cb38bcd3476457548e') in 0.256907 seconds 
========================================================================
Received Import Request.
  Time since last request: 0.000061 seconds.
  path: Assets/RTG 1.3/Meshes/C-3-1-B.fbx
  artifactKey: Guid(6f52640511a785543ac898e3e57670f3) Importer(815301076,1909f56bfc062723c751e8b465ee728b)
Start importing Assets/RTG 1.3/Meshes/C-3-1-B.fbx using Guid(6f52640511a785543ac898e3e57670f3) Importer(815301076,1909f56bfc062723c751e8b465ee728b)  -> (artifact id: 'b8d545cceb90b27b8afe324b2a095d50') in 0.287717 seconds 
========================================================================
Received Import Request.
  Time since last request: 0.000067 seconds.
  path: Assets/RTG 1.3/Meshes/C-2-3-S.fbx
  artifactKey: Guid(f1a56ac843c01284b953f1f2b93d5ea6) Importer(815301076,1909f56bfc062723c751e8b465ee728b)
Start importing Assets/RTG 1.3/Meshes/C-2-3-S.fbx using Guid(f1a56ac843c01284b953f1f2b93d5ea6) Importer(815301076,1909f56bfc062723c751e8b465ee728b)  -> (artifact id: '9dabeae3b327a29a69527e46f3ca2d03') in 0.278778 seconds 
========================================================================
Received Import Request.
  Time since last request: 0.000070 seconds.
  path: Assets/RTG 1.3/Meshes/GRID-R-B.fbx
  artifactKey: Guid(9887ffac2ff2945448a07cd65456d3dd) Importer(815301076,1909f56bfc062723c751e8b465ee728b)
Start importing Assets/RTG 1.3/Meshes/GRID-R-B.fbx using Guid(9887ffac2ff2945448a07cd65456d3dd) Importer(815301076,1909f56bfc062723c751e8b465ee728b)  -> (artifact id: 'ee8930c6497f40b426a030cc48fa4b7e') in 0.255059 seconds 
========================================================================
Received Import Request.
  Time since last request: 0.000068 seconds.
  path: Assets/RTG 1.3/Meshes/DC-1-1-H.fbx
  artifactKey: Guid(756fb67fa57140e4dafd1a53f224717b) Importer(815301076,1909f56bfc062723c751e8b465ee728b)
Start importing Assets/RTG 1.3/Meshes/DC-1-1-H.fbx using Guid(756fb67fa57140e4dafd1a53f224717b) Importer(815301076,1909f56bfc062723c751e8b465ee728b)  -> (artifact id: 'b92b00fcd8d7ea039ab0287c4fa65286') in 0.325442 seconds 
========================================================================
Received Import Request.
  Time since last request: 0.000063 seconds.
  path: Assets/RTG 1.3/Meshes/C-3-3-B.fbx
  artifactKey: Guid(10fb8be0db80e3e48ab26dbc4c7a60cb) Importer(815301076,1909f56bfc062723c751e8b465ee728b)
Start importing Assets/RTG 1.3/Meshes/C-3-3-B.fbx using Guid(10fb8be0db80e3e48ab26dbc4c7a60cb) Importer(815301076,1909f56bfc062723c751e8b465ee728b)  -> (artifact id: '7eced2869f26dc230f3ed8676e368a4f') in 0.294392 seconds 
========================================================================
Received Import Request.
  Time since last request: 0.000054 seconds.
  path: Assets/RTG 1.3/Meshes/DC-3-3-F.fbx
  artifactKey: Guid(35f366e0b941e394c9bd8b34ffeb5c74) Importer(815301076,1909f56bfc062723c751e8b465ee728b)
Start importing Assets/RTG 1.3/Meshes/DC-3-3-F.fbx using Guid(35f366e0b941e394c9bd8b34ffeb5c74) Importer(815301076,1909f56bfc062723c751e8b465ee728b)  -> (artifact id: '07acd8d4eca34a71eaa24d307d8c6bbf') in 0.280106 seconds 
========================================================================
Received Import Request.
  Time since last request: 0.000057 seconds.
  path: Assets/RTG 1.3/Meshes/DC-3-3-D.fbx
  artifactKey: Guid(a71fd4e56f0f1934a9aaf9ed698cbfdc) Importer(815301076,1909f56bfc062723c751e8b465ee728b)
Start importing Assets/RTG 1.3/Meshes/DC-3-3-D.fbx using Guid(a71fd4e56f0f1934a9aaf9ed698cbfdc) Importer(815301076,1909f56bfc062723c751e8b465ee728b)  -> (artifact id: '6c89fa2a611de10923ab2415392441ca') in 0.346473 seconds 
========================================================================
Received Import Request.
  Time since last request: 280.493542 seconds.
  path: Assets/Scenes/Map01.unity
  artifactKey: Guid(233665a73b3957049a1d38686468e293) Importer(815301076,1909f56bfc062723c751e8b465ee728b)
Start importing Assets/Scenes/Map01.unity using Guid(233665a73b3957049a1d38686468e293) Importer(815301076,1909f56bfc062723c751e8b465ee728b)  -> (artifact id: '2176b6575d0940fe9f49fcb98342b7ab') in 0.002724 seconds 
========================================================================
Received Import Request.
  Time since last request: 2.822423 seconds.
  path: Assets/Scenes/Map02.unity
  artifactKey: Guid(e82a0c7cf6aa6504daa551b17979d57e) Importer(815301076,1909f56bfc062723c751e8b465ee728b)
Start importing Assets/Scenes/Map02.unity using Guid(e82a0c7cf6aa6504daa551b17979d57e) Importer(815301076,1909f56bfc062723c751e8b465ee728b)  -> (artifact id: 'd3dd717c2981fa7ce7365159240e5ecc') in 0.002386 seconds 
========================================================================
Received Import Request.
  Time since last request: 14.628532 seconds.
  path: Assets/Scenes/Map03.unity
  artifactKey: Guid(4232a23635d3067419ba026feaca6717) Importer(815301076,1909f56bfc062723c751e8b465ee728b)
Start importing Assets/Scenes/Map03.unity using Guid(4232a23635d3067419ba026feaca6717) Importer(815301076,1909f56bfc062723c751e8b465ee728b)  -> (artifact id: '00107a6e91aa7c3b18baa2f2cafc217f') in 0.002677 seconds 
========================================================================
Received Import Request.
  Time since last request: 1304.108611 seconds.
  path: Assets/TextMesh Pro/Resources/Fonts & Materials/LiberationSans SDF - Drop Shadow.mat
  artifactKey: Guid(e73a58f6e2794ae7b1b7e50b7fb811b0) Importer(815301076,1909f56bfc062723c751e8b465ee728b)
Start importing Assets/TextMesh Pro/Resources/Fonts & Materials/LiberationSans SDF - Drop Shadow.mat using Guid(e73a58f6e2794ae7b1b7e50b7fb811b0) Importer(815301076,1909f56bfc062723c751e8b465ee728b)  -> (artifact id: 'c059add56f64a619ff4a8043f70c234f') in 0.222858 seconds 
========================================================================
Received Import Request.
  Time since last request: 0.000082 seconds.
  path: Assets/Simple Garage/Models/Large corner shelf.fbx
  artifactKey: Guid(855de4ea21d5fe2428038de2e0d0371f) Importer(815301076,1909f56bfc062723c751e8b465ee728b)
Start importing Assets/Simple Garage/Models/Large corner shelf.fbx using Guid(855de4ea21d5fe2428038de2e0d0371f) Importer(815301076,1909f56bfc062723c751e8b465ee728b)  -> (artifact id: '02a05d30611bc9493a7495d47023541e') in 0.134298 seconds 
========================================================================
Received Import Request.
  Time since last request: 0.000089 seconds.
  path: Assets/Simple Garage/Models/Carpet.fbx
  artifactKey: Guid(62e6a133af26dbf498fed56d24553c84) Importer(815301076,1909f56bfc062723c751e8b465ee728b)
Start importing Assets/Simple Garage/Models/Carpet.fbx using Guid(62e6a133af26dbf498fed56d24553c84) Importer(815301076,1909f56bfc062723c751e8b465ee728b)  -> (artifact id: '7b16aff3af66b23a3edcbcaaf188e7a1') in 0.070620 seconds 
========================================================================
Received Import Request.
  Time since last request: 0.000051 seconds.
  path: Assets/TextMesh Pro/Resources/Fonts & Materials/LiberationSans SDF.asset
  artifactKey: Guid(8f586378b4e144a9851e7b34d9b748ee) Importer(815301076,1909f56bfc062723c751e8b465ee728b)
Start importing Assets/TextMesh Pro/Resources/Fonts & Materials/LiberationSans SDF.asset using Guid(8f586378b4e144a9851e7b34d9b748ee) Importer(815301076,1909f56bfc062723c751e8b465ee728b)  -> (artifact id: 'e9187e13cad707210ac2b727d73a86b0') in 0.241254 seconds 
========================================================================
Received Import Request.
  Time since last request: 0.000058 seconds.
  path: Assets/Simple Garage/Materials/Locker.black.mat
  artifactKey: Guid(e14c8162cb2585a499d1ec313c5a8a31) Importer(815301076,1909f56bfc062723c751e8b465ee728b)
Start importing Assets/Simple Garage/Materials/Locker.black.mat using Guid(e14c8162cb2585a499d1ec313c5a8a31) Importer(815301076,1909f56bfc062723c751e8b465ee728b)  -> (artifact id: 'a438d99170a2b23d8dd63264432d3dd7') in 0.053061 seconds 
========================================================================
Received Import Request.
  Time since last request: 0.000085 seconds.
  path: Assets/Simple Garage/Materials/Metal (bolts).mat
  artifactKey: Guid(d7d966cb193125649b12f85d35cf4015) Importer(815301076,1909f56bfc062723c751e8b465ee728b)
Start importing Assets/Simple Garage/Materials/Metal (bolts).mat using Guid(d7d966cb193125649b12f85d35cf4015) Importer(815301076,1909f56bfc062723c751e8b465ee728b)  -> (artifact id: 'be1fd512d8474cc7c679fa876bb8edde') in 0.025528 seconds 
========================================================================
Received Import Request.
  Time since last request: 0.000047 seconds.
  path: Assets/Simple Garage/Models/Big shelf.fbx
  artifactKey: Guid(d7d3fa1e450020e42b694021662529cc) Importer(815301076,1909f56bfc062723c751e8b465ee728b)
Start importing Assets/Simple Garage/Models/Big shelf.fbx using Guid(d7d3fa1e450020e42b694021662529cc) Importer(815301076,1909f56bfc062723c751e8b465ee728b)  -> (artifact id: '58c7296547c463c3c868142d9d7c1aca') in 0.118682 seconds 
========================================================================
Received Import Request.
  Time since last request: 0.000058 seconds.
  path: Assets/Simple Garage/Models/Shelf.fbx
  artifactKey: Guid(7316845734f527d4aaba29d50932acf5) Importer(815301076,1909f56bfc062723c751e8b465ee728b)
Start importing Assets/Simple Garage/Models/Shelf.fbx using Guid(7316845734f527d4aaba29d50932acf5) Importer(815301076,1909f56bfc062723c751e8b465ee728b)  -> (artifact id: '71938fee094950133555872447db09dd') in 0.130653 seconds 
========================================================================
Received Import Request.
  Time since last request: 0.000060 seconds.
  path: Assets/Simple Garage/Models/3 shelves.fbx
  artifactKey: Guid(1436e4d03ae5d464aa6a43bf8c6f5743) Importer(815301076,1909f56bfc062723c751e8b465ee728b)
Start importing Assets/Simple Garage/Models/3 shelves.fbx using Guid(1436e4d03ae5d464aa6a43bf8c6f5743) Importer(815301076,1909f56bfc062723c751e8b465ee728b)  -> (artifact id: '8eadb173cff508b889f42feb179823a3') in 0.103293 seconds 
========================================================================
Received Import Request.
  Time since last request: 0.000081 seconds.
  path: Assets/Simple Garage/Models/Saw.fbx
  artifactKey: Guid(bc7f2b2496b7d5e42aeff231458e580d) Importer(815301076,1909f56bfc062723c751e8b465ee728b)
Start importing Assets/Simple Garage/Models/Saw.fbx using Guid(bc7f2b2496b7d5e42aeff231458e580d) Importer(815301076,1909f56bfc062723c751e8b465ee728b)  -> (artifact id: '3f4a89a3a15d165b0a6c3b9027855103') in 0.276384 seconds 
========================================================================
Received Import Request.
  Time since last request: 0.000066 seconds.
  path: Assets/Simple Garage/Models/Hose.fbx
  artifactKey: Guid(d2743396a59a2dc43baa7a2d5414c1ff) Importer(815301076,1909f56bfc062723c751e8b465ee728b)
Start importing Assets/Simple Garage/Models/Hose.fbx using Guid(d2743396a59a2dc43baa7a2d5414c1ff) Importer(815301076,1909f56bfc062723c751e8b465ee728b)  -> (artifact id: '64a1e809e4317339dd6d7df2a26a1520') in 0.076561 seconds 
========================================================================
Received Import Request.
  Time since last request: 0.000082 seconds.
  path: Assets/Simple Garage/Materials/Material.007.mat
  artifactKey: Guid(de6afbbedc203544d9754ffcb6faed53) Importer(815301076,1909f56bfc062723c751e8b465ee728b)
Start importing Assets/Simple Garage/Materials/Material.007.mat using Guid(de6afbbedc203544d9754ffcb6faed53) Importer(815301076,1909f56bfc062723c751e8b465ee728b)  -> (artifact id: '7ab23d473b980fed84a3449745d29c4e') in 0.060345 seconds 
========================================================================
Received Import Request.
  Time since last request: 0.000058 seconds.
  path: Assets/Simple Garage/Models/Locker.fbx
  artifactKey: Guid(1d5d7e0445e52774e839fe045a67c136) Importer(815301076,1909f56bfc062723c751e8b465ee728b)
Start importing Assets/Simple Garage/Models/Locker.fbx using Guid(1d5d7e0445e52774e839fe045a67c136) Importer(815301076,1909f56bfc062723c751e8b465ee728b)  -> (artifact id: '0ec17aae1723192fed0389e037faa7d1') in 0.135002 seconds 
========================================================================
Received Import Request.
  Time since last request: 0.000071 seconds.
  path: Assets/Simple Garage/Models/Ridgid oscillating belt sander.fbx
  artifactKey: Guid(6bf857a61a1ede54ab81a1649be6c9e0) Importer(815301076,1909f56bfc062723c751e8b465ee728b)
Start importing Assets/Simple Garage/Models/Ridgid oscillating belt sander.fbx using Guid(6bf857a61a1ede54ab81a1649be6c9e0) Importer(815301076,1909f56bfc062723c751e8b465ee728b)  -> (artifact id: '93ffb194aeb8dd43191af8f91db72684') in 0.152741 seconds 
========================================================================
Received Import Request.
  Time since last request: 0.000094 seconds.
  path: Assets/Simple Garage/Materials/light emission no.mat
  artifactKey: Guid(9a37adedc100c1749b8f3b355c0eb6a9) Importer(815301076,1909f56bfc062723c751e8b465ee728b)
Start importing Assets/Simple Garage/Materials/light emission no.mat using Guid(9a37adedc100c1749b8f3b355c0eb6a9) Importer(815301076,1909f56bfc062723c751e8b465ee728b)  -> (artifact id: '398d328486b4c614ffa5ce058e8b24c0') in 0.034896 seconds 
========================================================================
Received Import Request.
  Time since last request: 0.000054 seconds.
  path: Assets/Simple Garage/Models/Air conditioner.fbx
  artifactKey: Guid(ff9efb7f0f6706e49a111b5be7d18983) Importer(815301076,1909f56bfc062723c751e8b465ee728b)
Start importing Assets/Simple Garage/Models/Air conditioner.fbx using Guid(ff9efb7f0f6706e49a111b5be7d18983) Importer(815301076,1909f56bfc062723c751e8b465ee728b)  -> (artifact id: '8513eacb5aed75397688ed288b9efe7b') in 0.100751 seconds 
========================================================================
Received Import Request.
  Time since last request: 436.933586 seconds.
  path: Assets/Simple Garage/Textures/2K-false_ceiling_basecolor.png
  artifactKey: Guid(d26d16a517dc10349929ce23e083dc66) Importer(815301076,1909f56bfc062723c751e8b465ee728b)
Start importing Assets/Simple Garage/Textures/2K-false_ceiling_basecolor.png using Guid(d26d16a517dc10349929ce23e083dc66) Importer(815301076,1909f56bfc062723c751e8b465ee728b)  -> (artifact id: '29639537d5a20dee403a6b2d36c7d847') in 0.069404 seconds 
========================================================================
Received Import Request.
  Time since last request: 0.000082 seconds.
  path: Assets/Simple Garage/Textures/CorrogateShiny.png
  artifactKey: Guid(252532053d8b08643b7e54a5955cdc15) Importer(815301076,1909f56bfc062723c751e8b465ee728b)
Start importing Assets/Simple Garage/Textures/CorrogateShiny.png using Guid(252532053d8b08643b7e54a5955cdc15) Importer(815301076,1909f56bfc062723c751e8b465ee728b)  -> (artifact id: '9d71b23d286116447f5fd9f17da838b3') in 0.023931 seconds 
========================================================================
Received Import Request.
  Time since last request: 0.000073 seconds.
  path: Assets/Simple Garage/Textures/2K-tiling_44_roughness.png
  artifactKey: Guid(f32f380e31cbc1f4bb18fe358f9d7315) Importer(815301076,1909f56bfc062723c751e8b465ee728b)
Start importing Assets/Simple Garage/Textures/2K-tiling_44_roughness.png using Guid(f32f380e31cbc1f4bb18fe358f9d7315) Importer(815301076,1909f56bfc062723c751e8b465ee728b)  -> (artifact id: '6af279f0ca2a154d592c22eb6561638a') in 0.030573 seconds 
========================================================================
Received Import Request.
  Time since last request: 0.000057 seconds.
  path: Assets/Simple Garage/Textures/Camouflage suitcase relief albedo.png
  artifactKey: Guid(c7eea5edc5c27944da4e38a8767a2d69) Importer(815301076,1909f56bfc062723c751e8b465ee728b)
Start importing Assets/Simple Garage/Textures/Camouflage suitcase relief albedo.png using Guid(c7eea5edc5c27944da4e38a8767a2d69) Importer(815301076,1909f56bfc062723c751e8b465ee728b)  -> (artifact id: '2ac6eed7c0835ea4d6d6032e018d78dc') in 0.034762 seconds 
========================================================================
Received Import Request.
  Time since last request: 0.000096 seconds.
  path: Assets/Simple Garage/Textures/Camouflage suitcase albedo.png
  artifactKey: Guid(00f64738e909cc340b96918c1d840cfd) Importer(815301076,1909f56bfc062723c751e8b465ee728b)
Start importing Assets/Simple Garage/Textures/Camouflage suitcase albedo.png using Guid(00f64738e909cc340b96918c1d840cfd) Importer(815301076,1909f56bfc062723c751e8b465ee728b)  -> (artifact id: '7367c83bc795c62cb0812e75050e6a72') in 0.024017 seconds 
========================================================================
Received Import Request.
  Time since last request: 0.000057 seconds.
  path: Assets/Simple Garage/Textures/ah_dx17_conc_clean.png
  artifactKey: Guid(0a025b97ccdb32b46b9dbeba0e20b88e) Importer(815301076,1909f56bfc062723c751e8b465ee728b)
Start importing Assets/Simple Garage/Textures/ah_dx17_conc_clean.png using Guid(0a025b97ccdb32b46b9dbeba0e20b88e) Importer(815301076,1909f56bfc062723c751e8b465ee728b)  -> (artifact id: '2b231fd069ed1212d6c3e2f64295f228') in 0.031512 seconds 
========================================================================
Received Import Request.
  Time since last request: 0.000058 seconds.
  path: Assets/Simple Garage/Textures/Carpet albedo.png
  artifactKey: Guid(9f016cfac9eabb142933f7be87bc3d1e) Importer(815301076,1909f56bfc062723c751e8b465ee728b)
Start importing Assets/Simple Garage/Textures/Carpet albedo.png using Guid(9f016cfac9eabb142933f7be87bc3d1e) Importer(815301076,1909f56bfc062723c751e8b465ee728b)  -> (artifact id: 'aaee4d0ccba6dddd5a8f4eba975b3e49') in 0.023427 seconds 
========================================================================
Received Import Request.
  Time since last request: 0.000054 seconds.
  path: Assets/Simple Garage/Textures/Exterior_Exterior_pbr_normal.png
  artifactKey: Guid(01c1d8ff4646eb24abb792885899622d) Importer(815301076,1909f56bfc062723c751e8b465ee728b)
Start importing Assets/Simple Garage/Textures/Exterior_Exterior_pbr_normal.png using Guid(01c1d8ff4646eb24abb792885899622d) Importer(815301076,1909f56bfc062723c751e8b465ee728b)  -> (artifact id: '96e24eacdd94b2062991f54fdf4de377') in 0.109725 seconds 
========================================================================
Received Import Request.
  Time since last request: 0.000090 seconds.
  path: Assets/Simple Garage/Textures/Carpet normal.png
  artifactKey: Guid(f4e2b9a4e26ea4d4e9e111f77707e914) Importer(815301076,1909f56bfc062723c751e8b465ee728b)
Start importing Assets/Simple Garage/Textures/Carpet normal.png using Guid(f4e2b9a4e26ea4d4e9e111f77707e914) Importer(815301076,1909f56bfc062723c751e8b465ee728b)  -> (artifact id: 'bb05fa99001d84d8733bf9124283b866') in 0.023433 seconds 
========================================================================
Received Import Request.
  Time since last request: 0.000072 seconds.
  path: Assets/Simple Garage/Textures/et_nonslip_vrusty_s.png
  artifactKey: Guid(7e352a2c8ff40c84d9446f55e6256368) Importer(815301076,1909f56bfc062723c751e8b465ee728b)
Start importing Assets/Simple Garage/Textures/et_nonslip_vrusty_s.png using Guid(7e352a2c8ff40c84d9446f55e6256368) Importer(815301076,1909f56bfc062723c751e8b465ee728b)  -> (artifact id: '14c5b278e967ce0df838c4eaf92fce70') in 0.030626 seconds 
========================================================================
Received Import Request.
  Time since last request: 0.000051 seconds.
  path: Assets/Simple Garage/Textures/Exterior_Exterior_pbr_roughness.png
  artifactKey: Guid(49548c62973cfa748874c29585b0d0a7) Importer(815301076,1909f56bfc062723c751e8b465ee728b)
Start importing Assets/Simple Garage/Textures/Exterior_Exterior_pbr_roughness.png using Guid(49548c62973cfa748874c29585b0d0a7) Importer(815301076,1909f56bfc062723c751e8b465ee728b)  -> (artifact id: '91009809f44aabb877c2cd3a289f9318') in 0.058771 seconds 
========================================================================
Received Import Request.
  Time since last request: 0.000071 seconds.
  path: Assets/Simple Garage/Textures/Exterior_Exterior_pbr_diffuse.png
  artifactKey: Guid(fe29145816a7ddf43b20b846e2ee670b) Importer(815301076,1909f56bfc062723c751e8b465ee728b)
Start importing Assets/Simple Garage/Textures/Exterior_Exterior_pbr_diffuse.png using Guid(fe29145816a7ddf43b20b846e2ee670b) Importer(815301076,1909f56bfc062723c751e8b465ee728b)  -> (artifact id: '194eecf505dbb4b740e952cebd459d1d') in 0.040442 seconds 
========================================================================
Received Import Request.
  Time since last request: 2.855713 seconds.
  path: Assets/Simple Garage/Textures/radialspec.png
  artifactKey: Guid(d44d8b4576d5ff34f94d9f019ed95898) Importer(815301076,1909f56bfc062723c751e8b465ee728b)
Start importing Assets/Simple Garage/Textures/radialspec.png using Guid(d44d8b4576d5ff34f94d9f019ed95898) Importer(815301076,1909f56bfc062723c751e8b465ee728b)  -> (artifact id: 'c9d887433a147fb7b6b2b34047fb4607') in 0.025206 seconds 
========================================================================
Received Import Request.
  Time since last request: 23.741316 seconds.
  path: Assets/Simple Garage/Textures/radialspec.png
  artifactKey: Guid(d44d8b4576d5ff34f94d9f019ed95898) Importer(815301076,1909f56bfc062723c751e8b465ee728b)
Start importing Assets/Simple Garage/Textures/radialspec.png using Guid(d44d8b4576d5ff34f94d9f019ed95898) Importer(815301076,1909f56bfc062723c751e8b465ee728b)  -> (artifact id: '866d0fb7bb9848555ab46024c52b515c') in 0.023570 seconds 
========================================================================
Received Import Request.
  Time since last request: 0.128803 seconds.
  path: Assets/Simple Garage/Textures/2K-false_ceiling_basecolor.png
  artifactKey: Guid(d26d16a517dc10349929ce23e083dc66) Importer(815301076,1909f56bfc062723c751e8b465ee728b)
Start importing Assets/Simple Garage/Textures/2K-false_ceiling_basecolor.png using Guid(d26d16a517dc10349929ce23e083dc66) Importer(815301076,1909f56bfc062723c751e8b465ee728b)  -> (artifact id: 'cbed94aaf1246e45bc2a362317e42a90') in 0.029302 seconds 
========================================================================
Received Import Request.
  Time since last request: 0.000065 seconds.
  path: Assets/Simple Garage/Textures/CorrogateShiny.png
  artifactKey: Guid(252532053d8b08643b7e54a5955cdc15) Importer(815301076,1909f56bfc062723c751e8b465ee728b)
Start importing Assets/Simple Garage/Textures/CorrogateShiny.png using Guid(252532053d8b08643b7e54a5955cdc15) Importer(815301076,1909f56bfc062723c751e8b465ee728b)  -> (artifact id: '10df403f41126aee57e50ef3d88d140c') in 0.022791 seconds 
========================================================================
Received Import Request.
  Time since last request: 0.000059 seconds.
  path: Assets/Simple Garage/Textures/Camouflage suitcase relief albedo.png
  artifactKey: Guid(c7eea5edc5c27944da4e38a8767a2d69) Importer(815301076,1909f56bfc062723c751e8b465ee728b)
Start importing Assets/Simple Garage/Textures/Camouflage suitcase relief albedo.png using Guid(c7eea5edc5c27944da4e38a8767a2d69) Importer(815301076,1909f56bfc062723c751e8b465ee728b)  -> (artifact id: 'f6f54e1135d6c84f2c1897ebc6f4b2e1') in 0.037185 seconds 
========================================================================
Received Import Request.
  Time since last request: 0.000067 seconds.
  path: Assets/Simple Garage/Textures/ah_dx17_conc_clean.png
  artifactKey: Guid(0a025b97ccdb32b46b9dbeba0e20b88e) Importer(815301076,1909f56bfc062723c751e8b465ee728b)
Start importing Assets/Simple Garage/Textures/ah_dx17_conc_clean.png using Guid(0a025b97ccdb32b46b9dbeba0e20b88e) Importer(815301076,1909f56bfc062723c751e8b465ee728b)  -> (artifact id: '98a50d5ad7245c317fa85bb95a876484') in 0.027282 seconds 
========================================================================
Received Import Request.
  Time since last request: 0.000086 seconds.
  path: Assets/Simple Garage/Textures/Carpet normal.png
  artifactKey: Guid(f4e2b9a4e26ea4d4e9e111f77707e914) Importer(815301076,1909f56bfc062723c751e8b465ee728b)
Start importing Assets/Simple Garage/Textures/Carpet normal.png using Guid(f4e2b9a4e26ea4d4e9e111f77707e914) Importer(815301076,1909f56bfc062723c751e8b465ee728b)  -> (artifact id: 'faa2f56697826ae2189f5641d26c3f89') in 0.024456 seconds 
========================================================================
Received Import Request.
  Time since last request: 0.000081 seconds.
  path: Assets/Simple Garage/Textures/et_nonslip_vrusty_s.png
  artifactKey: Guid(7e352a2c8ff40c84d9446f55e6256368) Importer(815301076,1909f56bfc062723c751e8b465ee728b)
Start importing Assets/Simple Garage/Textures/et_nonslip_vrusty_s.png using Guid(7e352a2c8ff40c84d9446f55e6256368) Importer(815301076,1909f56bfc062723c751e8b465ee728b)  -> (artifact id: 'b12851008a60c572129318a478fb8362') in 0.038113 seconds 
========================================================================
Received Import Request.
  Time since last request: 0.000068 seconds.
  path: Assets/Simple Garage/Textures/2K-tiling_44_basecolor.png
  artifactKey: Guid(a5c584959a4953447bb7631623619f4d) Importer(815301076,1909f56bfc062723c751e8b465ee728b)
Start importing Assets/Simple Garage/Textures/2K-tiling_44_basecolor.png using Guid(a5c584959a4953447bb7631623619f4d) Importer(815301076,1909f56bfc062723c751e8b465ee728b)  -> (artifact id: '32530188d9f37cf1d96bb1e044135ce9') in 0.029574 seconds 
========================================================================
Received Import Request.
  Time since last request: 26.720027 seconds.
  path: Assets/Simple Garage/Textures/radialspec.png
  artifactKey: Guid(d44d8b4576d5ff34f94d9f019ed95898) Importer(815301076,1909f56bfc062723c751e8b465ee728b)
Start importing Assets/Simple Garage/Textures/radialspec.png using Guid(d44d8b4576d5ff34f94d9f019ed95898) Importer(815301076,1909f56bfc062723c751e8b465ee728b)  -> (artifact id: 'd467021db80c8e157f7b8569cc45987e') in 0.023743 seconds 
========================================================================
Received Import Request.
  Time since last request: 0.128599 seconds.
  path: Assets/Simple Garage/Textures/2K-false_ceiling_basecolor.png
  artifactKey: Guid(d26d16a517dc10349929ce23e083dc66) Importer(815301076,1909f56bfc062723c751e8b465ee728b)
Start importing Assets/Simple Garage/Textures/2K-false_ceiling_basecolor.png using Guid(d26d16a517dc10349929ce23e083dc66) Importer(815301076,1909f56bfc062723c751e8b465ee728b)  -> (artifact id: '37df19dfdc18b9ee2d00bcfdff588c3f') in 0.029785 seconds 
========================================================================
Received Import Request.
  Time since last request: 0.000074 seconds.
  path: Assets/Simple Garage/Textures/CorrogateShiny.png
  artifactKey: Guid(252532053d8b08643b7e54a5955cdc15) Importer(815301076,1909f56bfc062723c751e8b465ee728b)
Start importing Assets/Simple Garage/Textures/CorrogateShiny.png using Guid(252532053d8b08643b7e54a5955cdc15) Importer(815301076,1909f56bfc062723c751e8b465ee728b)  -> (artifact id: 'd2fe034685bd2d679bd72c9f3bd52f56') in 0.026242 seconds 
========================================================================
Received Import Request.
  Time since last request: 0.000069 seconds.
  path: Assets/Simple Garage/Textures/Camouflage suitcase albedo.png
  artifactKey: Guid(00f64738e909cc340b96918c1d840cfd) Importer(815301076,1909f56bfc062723c751e8b465ee728b)
Start importing Assets/Simple Garage/Textures/Camouflage suitcase albedo.png using Guid(00f64738e909cc340b96918c1d840cfd) Importer(815301076,1909f56bfc062723c751e8b465ee728b)  -> (artifact id: '65e0c2e9e5bbbd60d5cd321ae7e8b53f') in 0.031175 seconds 
========================================================================
Received Import Request.
  Time since last request: 0.000082 seconds.
  path: Assets/Simple Garage/Textures/Exterior_Exterior_pbr_normal.png
  artifactKey: Guid(01c1d8ff4646eb24abb792885899622d) Importer(815301076,1909f56bfc062723c751e8b465ee728b)
Start importing Assets/Simple Garage/Textures/Exterior_Exterior_pbr_normal.png using Guid(01c1d8ff4646eb24abb792885899622d) Importer(815301076,1909f56bfc062723c751e8b465ee728b)  -> (artifact id: 'ef1d8141702afea0ccd13e6e47cd0356') in 0.024588 seconds 
========================================================================
Received Import Request.
  Time since last request: 0.000097 seconds.
  path: Assets/Simple Garage/Textures/2K-tiling_44_normal.png
  artifactKey: Guid(d5d7bf261e5338146abc85e5c3f572a9) Importer(815301076,1909f56bfc062723c751e8b465ee728b)
Start importing Assets/Simple Garage/Textures/2K-tiling_44_normal.png using Guid(d5d7bf261e5338146abc85e5c3f572a9) Importer(815301076,1909f56bfc062723c751e8b465ee728b)  -> (artifact id: '3b6f9cf50b28757e0d792ef4fa8881d9') in 0.026664 seconds 
========================================================================
Received Import Request.
  Time since last request: 0.000081 seconds.
  path: Assets/Simple Garage/Textures/Exterior_Exterior_pbr_diffuse.png
  artifactKey: Guid(fe29145816a7ddf43b20b846e2ee670b) Importer(815301076,1909f56bfc062723c751e8b465ee728b)
Start importing Assets/Simple Garage/Textures/Exterior_Exterior_pbr_diffuse.png using Guid(fe29145816a7ddf43b20b846e2ee670b) Importer(815301076,1909f56bfc062723c751e8b465ee728b)  -> (artifact id: 'ce023931e3cc6ca37ffb2e134d74371b') in 0.029714 seconds 
========================================================================
Received Import Request.
  Time since last request: 56.951582 seconds.
  path: Assets/Simple Garage/Textures/2K-false_ceiling_basecolor.png
  artifactKey: Guid(d26d16a517dc10349929ce23e083dc66) Importer(815301076,1909f56bfc062723c751e8b465ee728b)
Start importing Assets/Simple Garage/Textures/2K-false_ceiling_basecolor.png using Guid(d26d16a517dc10349929ce23e083dc66) Importer(815301076,1909f56bfc062723c751e8b465ee728b)  -> (artifact id: '75111f44c47d290376004d653116adc0') in 0.027356 seconds 
========================================================================
Received Import Request.
  Time since last request: 0.165285 seconds.
  path: Assets/Simple Garage/Textures/2K-false_ceiling_normal.png
  artifactKey: Guid(b722543030734cb4893dea1471a6b4fb) Importer(815301076,1909f56bfc062723c751e8b465ee728b)
Start importing Assets/Simple Garage/Textures/2K-false_ceiling_normal.png using Guid(b722543030734cb4893dea1471a6b4fb) Importer(815301076,1909f56bfc062723c751e8b465ee728b)  -> (artifact id: '18541f670115bb9d3df319226fa9e2de') in 0.035448 seconds 
========================================================================
Received Import Request.
  Time since last request: 0.000060 seconds.
  path: Assets/Simple Garage/Textures/CorrogateShiny.png
  artifactKey: Guid(252532053d8b08643b7e54a5955cdc15) Importer(815301076,1909f56bfc062723c751e8b465ee728b)
Start importing Assets/Simple Garage/Textures/CorrogateShiny.png using Guid(252532053d8b08643b7e54a5955cdc15) Importer(815301076,1909f56bfc062723c751e8b465ee728b)  -> (artifact id: 'c2243110bb7c69b1d3c241224feed621') in 0.021408 seconds 
========================================================================
Received Import Request.
  Time since last request: 0.000093 seconds.
  path: Assets/Simple Garage/Textures/Camouflage suitcase albedo.png
  artifactKey: Guid(00f64738e909cc340b96918c1d840cfd) Importer(815301076,1909f56bfc062723c751e8b465ee728b)
Start importing Assets/Simple Garage/Textures/Camouflage suitcase albedo.png using Guid(00f64738e909cc340b96918c1d840cfd) Importer(815301076,1909f56bfc062723c751e8b465ee728b)  -> (artifact id: 'eada6c53ce89ccda0b0a0c08032365a0') in 0.042939 seconds 
========================================================================
Received Import Request.
  Time since last request: 0.000085 seconds.
  path: Assets/Simple Garage/Textures/Exterior_Exterior_pbr_normal.png
  artifactKey: Guid(01c1d8ff4646eb24abb792885899622d) Importer(815301076,1909f56bfc062723c751e8b465ee728b)
Start importing Assets/Simple Garage/Textures/Exterior_Exterior_pbr_normal.png using Guid(01c1d8ff4646eb24abb792885899622d) Importer(815301076,1909f56bfc062723c751e8b465ee728b)  -> (artifact id: '8ee596abb3a33a98fb5fc1620a6375bb') in 0.082036 seconds 
========================================================================
Received Import Request.
  Time since last request: 0.000118 seconds.
  path: Assets/Simple Garage/Textures/Exterior_Exterior_pbr_diffuse.png
  artifactKey: Guid(fe29145816a7ddf43b20b846e2ee670b) Importer(815301076,1909f56bfc062723c751e8b465ee728b)
Start importing Assets/Simple Garage/Textures/Exterior_Exterior_pbr_diffuse.png using Guid(fe29145816a7ddf43b20b846e2ee670b) Importer(815301076,1909f56bfc062723c751e8b465ee728b)  -> (artifact id: 'b4cfb97f7a143b64e648387992511d66') in 0.048334 seconds 
========================================================================
Received Import Request.
  Time since last request: 3766.921052 seconds.
  path: Assets/Scenes/Garage Scene 1.unity
  artifactKey: Guid(5eacbcf16b5c21a4b9f3b71ee9e5f812) Importer(815301076,1909f56bfc062723c751e8b465ee728b)
Start importing Assets/Scenes/Garage Scene 1.unity using Guid(5eacbcf16b5c21a4b9f3b71ee9e5f812) Importer(815301076,1909f56bfc062723c751e8b465ee728b)  -> (artifact id: '6687e7d8cd417962c9c572e4864748a5') in 0.003329 seconds 
========================================================================
Received Import Request.
  Time since last request: 126.779928 seconds.
  path: Assets/Scripts/CarSelection.cs
  artifactKey: Guid(28636e351cd3f0442ab84a5dffaab394) Importer(815301076,1909f56bfc062723c751e8b465ee728b)
Start importing Assets/Scripts/CarSelection.cs using Guid(28636e351cd3f0442ab84a5dffaab394) Importer(815301076,1909f56bfc062723c751e8b465ee728b)  -> (artifact id: '76ebe967de2993fd66acb0ec15e63fd2') in 0.024631 seconds 
========================================================================
Received Prepare
Registering precompiled user dll's ...
Registered in 0.008623 seconds.
Begin MonoManager ReloadAssembly
Native extension for WindowsStandalone target not found
Native extension for Android target not found
Native extension for WebGL target not found
Refreshing native plugins compatible for Editor in 1.90 ms, found 2 plugins.
Preloading 0 native plugins for Editor in 0.00 ms.
Mono: successfully reloaded assembly
- Completed reload, in  4.597 seconds
Domain Reload Profiling:
	ReloadAssembly (4600ms)
		BeginReloadAssembly (622ms)
			ExecutionOrderSort (0ms)
			DisableScriptedObjects (25ms)
			BackupInstance (0ms)
			ReleaseScriptingObjects (0ms)
			CreateAndSetChildDomain (179ms)
		EndReloadAssembly (3465ms)
			LoadAssemblies (375ms)
			RebuildTransferFunctionScriptingTraits (0ms)
			SetupTypeCache (1088ms)
			ReleaseScriptCaches (3ms)
			RebuildScriptCaches (215ms)
			SetupLoadedEditorAssemblies (1632ms)
				LogAssemblyErrors (0ms)
				InitializePlatformSupportModulesInManaged (104ms)
				SetLoadedEditorAssemblies (2ms)
				RefreshPlugins (2ms)
				BeforeProcessingInitializeOnLoad (257ms)
				ProcessInitializeOnLoadAttributes (1088ms)
				ProcessInitializeOnLoadMethodAttributes (142ms)
				AfterProcessingInitializeOnLoad (34ms)
				EditorAssembliesLoaded (1ms)
			ExecutionOrderSort2 (0ms)
			AwakeInstancesAfterBackupRestoration (24ms)
Platform modules already initialized, skipping
Refreshing native plugins compatible for Editor in 5.38 ms, found 2 plugins.
Preloading 0 native plugins for Editor in 0.00 ms.
Unloading 1891 Unused Serialized files (Serialized files now loaded: 0)
Unloading 14 unused Assets / (97.3 KB). Loaded Objects now: 2488.
Memory consumption went from 130.7 MB to 130.6 MB.
Total: 10.418000 ms (FindLiveObjects: 0.476200 ms CreateObjectMapping: 0.228400 ms MarkObjects: 9.606300 ms  DeleteObjects: 0.103700 ms)

AssetImportParameters requested are different than current active one (requested -> active):
  custom:video-decoder-ogg-theora: a1e56fd34408186e4bbccfd4996cb3dc -> 
  custom:container-muxer-webm: aa71ff27fc2769a1b78a27578f13a17b -> 
  custom:container-demuxer-webm: 4f35f7cbe854078d1ac9338744f61a02 -> 
  custom:video-encoder-webm-vp8: eb34c28f22e8b96e1ab97ce403110664 -> 
  custom:audio-encoder-webm-vorbis: bf7c407c2cedff20999df2af8eb42d56 -> 
  custom:framework-win-MediaFoundation: 216162199b28c13a410421893ffa2e32 -> 
  custom:container-demuxer-ogg: 62fdf1f143b41e24485cea50d1cbac27 -> 
  custom:video-decoder-webm-vp8: 9c59270c3fd7afecdb556c50c9e8de78 -> 
  custom:audio-decoder-ogg-vorbis: bf7c407c2cedff20999df2af8eb42d56 -> 
========================================================================
Received Import Request.
  Time since last request: 163.474135 seconds.
  path: Assets/Scenes/Garage Scene 1.unity
  artifactKey: Guid(5eacbcf16b5c21a4b9f3b71ee9e5f812) Importer(815301076,1909f56bfc062723c751e8b465ee728b)
Start importing Assets/Scenes/Garage Scene 1.unity using Guid(5eacbcf16b5c21a4b9f3b71ee9e5f812) Importer(815301076,1909f56bfc062723c751e8b465ee728b)  -> (artifact id: 'a35cb961fa000a0c9b7f072f8e355169') in 0.014445 seconds 
========================================================================
Received Prepare
Registering precompiled user dll's ...
Registered in 0.008549 seconds.
Begin MonoManager ReloadAssembly
Native extension for WindowsStandalone target not found
Native extension for Android target not found
Native extension for WebGL target not found
Refreshing native plugins compatible for Editor in 1.75 ms, found 2 plugins.
Preloading 0 native plugins for Editor in 0.00 ms.
Mono: successfully reloaded assembly
- Completed reload, in  4.274 seconds
Domain Reload Profiling:
	ReloadAssembly (4277ms)
		BeginReloadAssembly (579ms)
			ExecutionOrderSort (0ms)
			DisableScriptedObjects (25ms)
			BackupInstance (0ms)
			ReleaseScriptingObjects (0ms)
			CreateAndSetChildDomain (116ms)
		EndReloadAssembly (3195ms)
			LoadAssemblies (359ms)
			RebuildTransferFunctionScriptingTraits (0ms)
			SetupTypeCache (889ms)
			ReleaseScriptCaches (3ms)
			RebuildScriptCaches (192ms)
			SetupLoadedEditorAssemblies (1592ms)
				LogAssemblyErrors (0ms)
				InitializePlatformSupportModulesInManaged (115ms)
				SetLoadedEditorAssemblies (2ms)
				RefreshPlugins (2ms)
				BeforeProcessingInitializeOnLoad (234ms)
				ProcessInitializeOnLoadAttributes (1068ms)
				ProcessInitializeOnLoadMethodAttributes (136ms)
				AfterProcessingInitializeOnLoad (34ms)
				EditorAssembliesLoaded (1ms)
			ExecutionOrderSort2 (0ms)
			AwakeInstancesAfterBackupRestoration (24ms)
Platform modules already initialized, skipping
Refreshing native plugins compatible for Editor in 5.11 ms, found 2 plugins.
Preloading 0 native plugins for Editor in 0.00 ms.
Unloading 1891 Unused Serialized files (Serialized files now loaded: 0)
Unloading 14 unused Assets / (97.3 KB). Loaded Objects now: 2503.
Memory consumption went from 130.7 MB to 130.6 MB.
Total: 10.781000 ms (FindLiveObjects: 0.479100 ms CreateObjectMapping: 0.236800 ms MarkObjects: 9.939300 ms  DeleteObjects: 0.122400 ms)

AssetImportParameters requested are different than current active one (requested -> active):
  custom:video-decoder-ogg-theora: a1e56fd34408186e4bbccfd4996cb3dc -> 
  custom:container-muxer-webm: aa71ff27fc2769a1b78a27578f13a17b -> 
  custom:container-demuxer-webm: 4f35f7cbe854078d1ac9338744f61a02 -> 
  custom:video-encoder-webm-vp8: eb34c28f22e8b96e1ab97ce403110664 -> 
  custom:audio-encoder-webm-vorbis: bf7c407c2cedff20999df2af8eb42d56 -> 
  custom:framework-win-MediaFoundation: 216162199b28c13a410421893ffa2e32 -> 
  custom:container-demuxer-ogg: 62fdf1f143b41e24485cea50d1cbac27 -> 
  custom:video-decoder-webm-vp8: 9c59270c3fd7afecdb556c50c9e8de78 -> 
  custom:audio-decoder-ogg-vorbis: bf7c407c2cedff20999df2af8eb42d56 -> 
========================================================================
Received Import Request.
  Time since last request: 962.023209 seconds.
  path: Assets/Asset/Skyboxes MegaPack 1/Cubemaps/1.cubemap
  artifactKey: Guid(a086b7ddd20c72147b25fb063c37e6df) Importer(815301076,1909f56bfc062723c751e8b465ee728b)
Start importing Assets/Asset/Skyboxes MegaPack 1/Cubemaps/1.cubemap using Guid(a086b7ddd20c72147b25fb063c37e6df) Importer(815301076,1909f56bfc062723c751e8b465ee728b)  -> (artifact id: '4fbc085b8d803a1adecfb7e8504de4bd') in 0.333591 seconds 
========================================================================
Received Import Request.
  Time since last request: 0.000084 seconds.
  path: Assets/Asset/Skyboxes MegaPack 1/2/2.mat
  artifactKey: Guid(4737944e4ff68d9468160848d70a9bce) Importer(815301076,1909f56bfc062723c751e8b465ee728b)
Start importing Assets/Asset/Skyboxes MegaPack 1/2/2.mat using Guid(4737944e4ff68d9468160848d70a9bce) Importer(815301076,1909f56bfc062723c751e8b465ee728b)  -> (artifact id: 'ba48eb9701e22fd4b95fca13d1eb5cba') in 0.101470 seconds 
========================================================================
Received Import Request.
  Time since last request: 0.000069 seconds.
  path: Assets/Asset/Skyboxes MegaPack 1/Cubemaps/4.cubemap
  artifactKey: Guid(cb8b3f3296434714e997a1a45f1e38a4) Importer(815301076,1909f56bfc062723c751e8b465ee728b)
Start importing Assets/Asset/Skyboxes MegaPack 1/Cubemaps/4.cubemap using Guid(cb8b3f3296434714e997a1a45f1e38a4) Importer(815301076,1909f56bfc062723c751e8b465ee728b)  -> (artifact id: 'bb232951e0bb03a25936cf1e4ab81982') in 0.036262 seconds 
========================================================================
Received Import Request.
  Time since last request: 0.000068 seconds.
  path: Assets/Asset/Skyboxes MegaPack 1/Cubemaps/7.hdr
  artifactKey: Guid(04bfa66079f043545acde3d28afe6135) Importer(815301076,1909f56bfc062723c751e8b465ee728b)
Start importing Assets/Asset/Skyboxes MegaPack 1/Cubemaps/7.hdr using Guid(04bfa66079f043545acde3d28afe6135) Importer(815301076,1909f56bfc062723c751e8b465ee728b)  -> (artifact id: '27c2d57cc4c39568a7e7e4d91ac340e1') in 0.064804 seconds 
========================================================================
Received Import Request.
  Time since last request: 0.000048 seconds.
  path: Assets/Asset/Skyboxes MegaPack 1/Cubemaps/5.cubemap
  artifactKey: Guid(66b6ca2c1fa148b4c8a59bb83480e2ef) Importer(815301076,1909f56bfc062723c751e8b465ee728b)
Start importing Assets/Asset/Skyboxes MegaPack 1/Cubemaps/5.cubemap using Guid(66b6ca2c1fa148b4c8a59bb83480e2ef) Importer(815301076,1909f56bfc062723c751e8b465ee728b)  -> (artifact id: '93409f28fecc9c79cec70a8de42537f0') in 0.042763 seconds 
========================================================================
Received Import Request.
  Time since last request: 0.000061 seconds.
  path: Assets/Classical_city/Particles/Lens Flares/35mm Lens.flare
  artifactKey: Guid(bacb8941852d91e48ac475f4a3622716) Importer(815301076,1909f56bfc062723c751e8b465ee728b)
Start importing Assets/Classical_city/Particles/Lens Flares/35mm Lens.flare using Guid(bacb8941852d91e48ac475f4a3622716) Importer(815301076,1909f56bfc062723c751e8b465ee728b)  -> (artifact id: '7cd6778e6153df91baac2723b51abd19') in 0.010485 seconds 
========================================================================
Received Import Request.
  Time since last request: 0.000053 seconds.
  path: Assets/Simple Garage/Materials/[0136_Charcoal]2.mat
  artifactKey: Guid(a1bfe3a4435270d4eb36c3f8b89f6215) Importer(815301076,1909f56bfc062723c751e8b465ee728b)
Start importing Assets/Simple Garage/Materials/[0136_Charcoal]2.mat using Guid(a1bfe3a4435270d4eb36c3f8b89f6215) Importer(815301076,1909f56bfc062723c751e8b465ee728b)  -> (artifact id: 'bf1a4fb408684d45a2c6578781279fc0') in 0.098046 seconds 
========================================================================
Received Import Request.
  Time since last request: 0.000061 seconds.
  path: Assets/Classical_city/Particles/Lens Flares/6 Blade Aperture.flare
  artifactKey: Guid(51e9e94bd0b2a4b96a5d00f9441133a7) Importer(815301076,1909f56bfc062723c751e8b465ee728b)
Start importing Assets/Classical_city/Particles/Lens Flares/6 Blade Aperture.flare using Guid(51e9e94bd0b2a4b96a5d00f9441133a7) Importer(815301076,1909f56bfc062723c751e8b465ee728b)  -> (artifact id: '88532ad2d202b4ae889552680d3736aa') in 0.005578 seconds 
========================================================================
Received Import Request.
  Time since last request: 0.000081 seconds.
  path: Assets/Simple Garage/Models/Opened locker.fbx
  artifactKey: Guid(14d2aee51ed41ad4fb466baeb037c9c7) Importer(815301076,1909f56bfc062723c751e8b465ee728b)
Start importing Assets/Simple Garage/Models/Opened locker.fbx using Guid(14d2aee51ed41ad4fb466baeb037c9c7) Importer(815301076,1909f56bfc062723c751e8b465ee728b)  -> (artifact id: '2ef6087858b0c55c0bd5889be9316718') in 0.291935 seconds 
========================================================================
Received Import Request.
  Time since last request: 0.000065 seconds.
  path: Assets/Simple Garage/Models/Drill Bits.fbx
  artifactKey: Guid(1e411d3e5babd7941aeb58230965174e) Importer(815301076,1909f56bfc062723c751e8b465ee728b)
Start importing Assets/Simple Garage/Models/Drill Bits.fbx using Guid(1e411d3e5babd7941aeb58230965174e) Importer(815301076,1909f56bfc062723c751e8b465ee728b)  -> (artifact id: 'f357002b0502deb252547d276ae8ae43') in 0.101563 seconds 
========================================================================
Received Import Request.
  Time since last request: 0.000067 seconds.
  path: Assets/Simple Garage/Models/3 shelves.fbx
  artifactKey: Guid(1436e4d03ae5d464aa6a43bf8c6f5743) Importer(815301076,1909f56bfc062723c751e8b465ee728b)
Start importing Assets/Simple Garage/Models/3 shelves.fbx using Guid(1436e4d03ae5d464aa6a43bf8c6f5743) Importer(815301076,1909f56bfc062723c751e8b465ee728b)  -> (artifact id: '8a49e3af90e8a1c2034f0cc23cce3356') in 0.128899 seconds 
========================================================================
Received Import Request.
  Time since last request: 0.000051 seconds.
  path: Assets/Simple Garage/Models/Table.fbx
  artifactKey: Guid(3434c0b847ea9854cbf6ca7ed69f8a4c) Importer(815301076,1909f56bfc062723c751e8b465ee728b)
Start importing Assets/Simple Garage/Models/Table.fbx using Guid(3434c0b847ea9854cbf6ca7ed69f8a4c) Importer(815301076,1909f56bfc062723c751e8b465ee728b)  -> (artifact id: '99555c3771d031d0fbcbe7a692946903') in 0.241661 seconds 
========================================================================
Received Import Request.
  Time since last request: 0.000062 seconds.
  path: Assets/Asset/Skyboxes MegaPack 1/6/6.mat
  artifactKey: Guid(798128fb7e3249f46a986a32212017dc) Importer(815301076,1909f56bfc062723c751e8b465ee728b)
Start importing Assets/Asset/Skyboxes MegaPack 1/6/6.mat using Guid(798128fb7e3249f46a986a32212017dc) Importer(815301076,1909f56bfc062723c751e8b465ee728b)  -> (artifact id: '19b531c7b082c08077bc8278bbaa2e47') in 0.073688 seconds 
========================================================================
Received Import Request.
  Time since last request: 0.000073 seconds.
  path: Assets/Simple Garage/Models/White suitcase.001.fbx
  artifactKey: Guid(8e014b5c76aeed444b3aa92be71ef533) Importer(815301076,1909f56bfc062723c751e8b465ee728b)
Start importing Assets/Simple Garage/Models/White suitcase.001.fbx using Guid(8e014b5c76aeed444b3aa92be71ef533) Importer(815301076,1909f56bfc062723c751e8b465ee728b)  -> (artifact id: '68f8f6d97d36227532ef2895d60a1fe6') in 0.128193 seconds 
========================================================================
Received Import Request.
  Time since last request: 0.000052 seconds.
  path: Assets/Simple Garage/Models/Machinery parts.brake disc.fbx
  artifactKey: Guid(19448b809c61d0c4b9c99cfd024468f3) Importer(815301076,1909f56bfc062723c751e8b465ee728b)
Start importing Assets/Simple Garage/Models/Machinery parts.brake disc.fbx using Guid(19448b809c61d0c4b9c99cfd024468f3) Importer(815301076,1909f56bfc062723c751e8b465ee728b)  -> (artifact id: 'd328a664a0bf2f34b380a8339ebd5984') in 0.139876 seconds 
========================================================================
Received Import Request.
  Time since last request: 0.000061 seconds.
  path: Assets/Simple Garage/Materials/[0036_BurlyWood].mat
  artifactKey: Guid(b233ae0ecddf1804ab2ba09bd2e0ccc8) Importer(815301076,1909f56bfc062723c751e8b465ee728b)
Start importing Assets/Simple Garage/Materials/[0036_BurlyWood].mat using Guid(b233ae0ecddf1804ab2ba09bd2e0ccc8) Importer(815301076,1909f56bfc062723c751e8b465ee728b)  -> (artifact id: '1b8e44a6ff27a86e7cc478f170fe3391') in 0.028349 seconds 
========================================================================
Received Import Request.
  Time since last request: 0.000086 seconds.
  path: Assets/Asset/Skyboxes MegaPack 1/3/3.mat
  artifactKey: Guid(eec9b8ed862669c41894e5763aa82463) Importer(815301076,1909f56bfc062723c751e8b465ee728b)
Start importing Assets/Asset/Skyboxes MegaPack 1/3/3.mat using Guid(eec9b8ed862669c41894e5763aa82463) Importer(815301076,1909f56bfc062723c751e8b465ee728b)  -> (artifact id: '909bb8a3f229f92d4f541adc15bc923d') in 0.050869 seconds 
========================================================================
Received Import Request.
  Time since last request: 0.000051 seconds.
  path: Assets/Classical_city/Particles/Lens Flares/85mm Lens.flare
  artifactKey: Guid(708e170238fbaaa449b2565c5e8cbb12) Importer(815301076,1909f56bfc062723c751e8b465ee728b)
Start importing Assets/Classical_city/Particles/Lens Flares/85mm Lens.flare using Guid(708e170238fbaaa449b2565c5e8cbb12) Importer(815301076,1909f56bfc062723c751e8b465ee728b)  -> (artifact id: '02e815e5213a8472c6f3ab0d17cdebe1') in 0.005786 seconds 
========================================================================
Received Import Request.
  Time since last request: 0.000058 seconds.
  path: Assets/Asset/Skyboxes MegaPack 1/Cubemaps/2.cubemap
  artifactKey: Guid(dba779fb6c04b6c4993357ceb58704bd) Importer(815301076,1909f56bfc062723c751e8b465ee728b)
Start importing Assets/Asset/Skyboxes MegaPack 1/Cubemaps/2.cubemap using Guid(dba779fb6c04b6c4993357ceb58704bd) Importer(815301076,1909f56bfc062723c751e8b465ee728b)  -> (artifact id: 'c7664768e9b3c1a5a582642993d480ca') in 0.038831 seconds 
========================================================================
Received Import Request.
  Time since last request: 0.000100 seconds.
  path: Assets/Simple Garage/Models/White suitcase.fbx
  artifactKey: Guid(9da4e6e9dbea8e8498df7878310535ef) Importer(815301076,1909f56bfc062723c751e8b465ee728b)
Start importing Assets/Simple Garage/Models/White suitcase.fbx using Guid(9da4e6e9dbea8e8498df7878310535ef) Importer(815301076,1909f56bfc062723c751e8b465ee728b)  -> (artifact id: '93aae94d858a524b8a4918930e56eefa') in 0.084071 seconds 
========================================================================
Received Import Request.
  Time since last request: 0.000056 seconds.
  path: Assets/Simple Garage/Materials/[Color H08].mat
  artifactKey: Guid(068ccec6c0b7c534a90dfff20710c38c) Importer(815301076,1909f56bfc062723c751e8b465ee728b)
Start importing Assets/Simple Garage/Materials/[Color H08].mat using Guid(068ccec6c0b7c534a90dfff20710c38c) Importer(815301076,1909f56bfc062723c751e8b465ee728b)  -> (artifact id: 'cfe37ce13a7bca8ab433be3147b1129f') in 0.024381 seconds 
========================================================================
Received Import Request.
  Time since last request: 0.000087 seconds.
  path: Assets/Simple Garage/Materials/[Color_007].mat
  artifactKey: Guid(81d40aa4a64960c48900fd4a43890725) Importer(815301076,1909f56bfc062723c751e8b465ee728b)
Start importing Assets/Simple Garage/Materials/[Color_007].mat using Guid(81d40aa4a64960c48900fd4a43890725) Importer(815301076,1909f56bfc062723c751e8b465ee728b)  -> (artifact id: 'f18a6fb5a7740e365a90795d2baea70a') in 0.042799 seconds 
========================================================================
Received Import Request.
  Time since last request: 0.000048 seconds.
  path: Assets/Asset/Skyboxes MegaPack 1/Cubemaps/3.cubemap
  artifactKey: Guid(a00a55691bcaa4748bd832cd9b280748) Importer(815301076,1909f56bfc062723c751e8b465ee728b)
Start importing Assets/Asset/Skyboxes MegaPack 1/Cubemaps/3.cubemap using Guid(a00a55691bcaa4748bd832cd9b280748) Importer(815301076,1909f56bfc062723c751e8b465ee728b)  -> (artifact id: 'df507744da77cf4e19e0b6873cb66838') in 0.042751 seconds 
========================================================================
Received Import Request.
  Time since last request: 0.000058 seconds.
  path: Assets/Asset/Skyboxes MegaPack 1/Cubemaps/6.cubemap
  artifactKey: Guid(f169c8ce116e54541a906288c9d2cfe7) Importer(815301076,1909f56bfc062723c751e8b465ee728b)
Start importing Assets/Asset/Skyboxes MegaPack 1/Cubemaps/6.cubemap using Guid(f169c8ce116e54541a906288c9d2cfe7) Importer(815301076,1909f56bfc062723c751e8b465ee728b)  -> (artifact id: 'd154be40cb364449507d5501b3ef8395') in 0.036041 seconds 
========================================================================
Received Import Request.
  Time since last request: 0.000053 seconds.
  path: Assets/Simple Garage/Materials/[Color B05]11.mat
  artifactKey: Guid(f4623970be968b642b5426c74459ad83) Importer(815301076,1909f56bfc062723c751e8b465ee728b)
Start importing Assets/Simple Garage/Materials/[Color B05]11.mat using Guid(f4623970be968b642b5426c74459ad83) Importer(815301076,1909f56bfc062723c751e8b465ee728b)  -> (artifact id: '95e6d89bde6abe93b3be7790870bb67f') in 0.048324 seconds 
========================================================================
Received Import Request.
  Time since last request: 0.000063 seconds.
  path: Assets/Simple Garage/Materials/2K-false_ceiling_basecolor.mat
  artifactKey: Guid(26bf5fcbcd484234398dc4274abd4e19) Importer(815301076,1909f56bfc062723c751e8b465ee728b)
Start importing Assets/Simple Garage/Materials/2K-false_ceiling_basecolor.mat using Guid(26bf5fcbcd484234398dc4274abd4e19) Importer(815301076,1909f56bfc062723c751e8b465ee728b)  -> (artifact id: 'ddc344a9e39e479a0bce13f312dadcd1') in 0.044134 seconds 
========================================================================
Received Import Request.
  Time since last request: 0.000082 seconds.
  path: Assets/Simple Garage/Prefabs/3 shelves.prefab
  artifactKey: Guid(f7ac1c8b5baad0943aa4415c859b8d5e) Importer(815301076,1909f56bfc062723c751e8b465ee728b)
Start importing Assets/Simple Garage/Prefabs/3 shelves.prefab using Guid(f7ac1c8b5baad0943aa4415c859b8d5e) Importer(815301076,1909f56bfc062723c751e8b465ee728b)  -> (artifact id: '8ff66237996fb57c53c8874875e92465') in 0.052894 seconds 
========================================================================
Received Import Request.
  Time since last request: 0.000055 seconds.
  path: Assets/Simple Garage/Materials/2K-tiling_44_basecolor.mat
  artifactKey: Guid(1d0c85a40adbb0e41be6404db12b98c4) Importer(815301076,1909f56bfc062723c751e8b465ee728b)
Start importing Assets/Simple Garage/Materials/2K-tiling_44_basecolor.mat using Guid(1d0c85a40adbb0e41be6404db12b98c4) Importer(815301076,1909f56bfc062723c751e8b465ee728b)  -> (artifact id: '57e1b2ae70307085218add61e05178f6') in 0.044378 seconds 
========================================================================
Received Import Request.
  Time since last request: 0.000056 seconds.
  path: Assets/Simple Garage/Models/Drill bits Lying.fbx
  artifactKey: Guid(74efa1a00e4a4474fbd004e81c5ee237) Importer(815301076,1909f56bfc062723c751e8b465ee728b)
Start importing Assets/Simple Garage/Models/Drill bits Lying.fbx using Guid(74efa1a00e4a4474fbd004e81c5ee237) Importer(815301076,1909f56bfc062723c751e8b465ee728b)  -> (artifact id: '76068e65fb0862751b2e71b6dcb71cd9') in 0.099677 seconds 
========================================================================
Received Import Request.
  Time since last request: 0.000061 seconds.
  path: Assets/Asset/Flares/Textures/85mmflare.psd
  artifactKey: Guid(4a93c4d9bf7d24e8092c204085982402) Importer(815301076,1909f56bfc062723c751e8b465ee728b)
Start importing Assets/Asset/Flares/Textures/85mmflare.psd using Guid(4a93c4d9bf7d24e8092c204085982402) Importer(815301076,1909f56bfc062723c751e8b465ee728b)  -> (artifact id: 'df3e6909391961ca2b77bd71283ae0f2') in 0.063552 seconds 
========================================================================
Received Import Request.
  Time since last request: 2.582476 seconds.
  path: Assets/Simple Garage/Models/Clamps.fbx
  artifactKey: Guid(f9176ded31cec7b49a01685aa5d28e07) Importer(815301076,1909f56bfc062723c751e8b465ee728b)
Start importing Assets/Simple Garage/Models/Clamps.fbx using Guid(f9176ded31cec7b49a01685aa5d28e07) Importer(815301076,1909f56bfc062723c751e8b465ee728b)  -> (artifact id: '00b6873ad1baf3a3f4b27a672fbfc0cf') in 0.154291 seconds 
========================================================================
Received Import Request.
  Time since last request: 0.000060 seconds.
  path: Assets/8FastCars/Textures/Zegato_body.png
  artifactKey: Guid(b5005c0e6928bfd43a1ee1c224231298) Importer(815301076,1909f56bfc062723c751e8b465ee728b)
Start importing Assets/8FastCars/Textures/Zegato_body.png using Guid(b5005c0e6928bfd43a1ee1c224231298) Importer(815301076,1909f56bfc062723c751e8b465ee728b)  -> (artifact id: '07e912290d993aeafe79611670b2a79c') in 0.454665 seconds 
========================================================================
Received Import Request.
  Time since last request: 0.000113 seconds.
  path: Assets/Simple Garage/Textures/Metal_Corrogated_Shiny.png
  artifactKey: Guid(7dea8600d4d6018499e903538e65943f) Importer(815301076,1909f56bfc062723c751e8b465ee728b)
Start importing Assets/Simple Garage/Textures/Metal_Corrogated_Shiny.png using Guid(7dea8600d4d6018499e903538e65943f) Importer(815301076,1909f56bfc062723c751e8b465ee728b)  -> (artifact id: 'ac504bdc41c667797fdcff706a9133e7') in 0.023817 seconds 
========================================================================
Received Import Request.
  Time since last request: 0.000076 seconds.
  path: Assets/Simple Garage/Textures/Garage-Door.png
  artifactKey: Guid(558a386a2d4f7444398d1a12f8ffa668) Importer(815301076,1909f56bfc062723c751e8b465ee728b)
Start importing Assets/Simple Garage/Textures/Garage-Door.png using Guid(558a386a2d4f7444398d1a12f8ffa668) Importer(815301076,1909f56bfc062723c751e8b465ee728b)  -> (artifact id: '561de37f60faa33525673615080647ef') in 0.029713 seconds 
========================================================================
Received Import Request.
  Time since last request: 0.000054 seconds.
  path: Assets/Simple Garage/Textures/Garage door normal.png
  artifactKey: Guid(dd22aac45f9ffb944b147a6210418e3c) Importer(815301076,1909f56bfc062723c751e8b465ee728b)
Start importing Assets/Simple Garage/Textures/Garage door normal.png using Guid(dd22aac45f9ffb944b147a6210418e3c) Importer(815301076,1909f56bfc062723c751e8b465ee728b)  -> (artifact id: 'a91f3bf92d82b6700bfe7e7dc80d6400') in 0.037235 seconds 
========================================================================
Received Import Request.
  Time since last request: 0.000068 seconds.
  path: Assets/Simple Garage/Textures/garage_door_normal.png
  artifactKey: Guid(9b89c1688b91ec7409d38d6806612ac3) Importer(815301076,1909f56bfc062723c751e8b465ee728b)
Start importing Assets/Simple Garage/Textures/garage_door_normal.png using Guid(9b89c1688b91ec7409d38d6806612ac3) Importer(815301076,1909f56bfc062723c751e8b465ee728b)  -> (artifact id: 'a1ff0ceff98afaae5dc987340532036f') in 0.028806 seconds 
Editor requested this worker to shutdown with reason: Scaling down because of idle timeout
AssetImportWorker is now disconnected from the server
Process exiting
Exiting without the bug reporter. Application will terminate with return code 0