Using pre-set license
Built from '2021.3/staging' branch; Version is '2021.3.8f1 (b30333d56e81) revision 11731763'; Using compiler version '192829333'; Build Type 'Release'
OS: 'Windows 10  (10.0.19044) 64bit Professional' Language: 'en' Physical Memory: 32609 MB
BatchMode: 1, IsHumanControllingUs: 0, StartBugReporterOnCrash: 0, Is64bit: 1, IsPro: 1

COMMAND LINE ARGUMENTS:
C:\Program Files\Unity\Editor\2021.3.8f1\Editor\Unity.exe
-adb2
-batchMode
-noUpm
-name
AssetImportWorker5
-projectPath
F:/Workspace/Race Game
-logFile
Logs/AssetImportWorker5.log
-srvPort
59317
Successfully changed project path to: F:/Workspace/Race Game
F:/Workspace/Race Game
[UnityMemory] Configuration Parameters - Can be set up in boot.config
    "memorysetup-bucket-allocator-granularity=16"
    "memorysetup-bucket-allocator-bucket-count=8"
    "memorysetup-bucket-allocator-block-size=33554432"
    "memorysetup-bucket-allocator-block-count=8"
    "memorysetup-main-allocator-block-size=16777216"
    "memorysetup-thread-allocator-block-size=16777216"
    "memorysetup-gfx-main-allocator-block-size=16777216"
    "memorysetup-gfx-thread-allocator-block-size=16777216"
    "memorysetup-cache-allocator-block-size=4194304"
    "memorysetup-typetree-allocator-block-size=2097152"
    "memorysetup-profiler-bucket-allocator-granularity=16"
    "memorysetup-profiler-bucket-allocator-bucket-count=8"
    "memorysetup-profiler-bucket-allocator-block-size=33554432"
    "memorysetup-profiler-bucket-allocator-block-count=8"
    "memorysetup-profiler-allocator-block-size=16777216"
    "memorysetup-profiler-editor-allocator-block-size=1048576"
    "memorysetup-temp-allocator-size-main=16777216"
    "memorysetup-job-temp-allocator-block-size=2097152"
    "memorysetup-job-temp-allocator-block-size-background=1048576"
    "memorysetup-job-temp-allocator-reduction-small-platforms=262144"
    "memorysetup-temp-allocator-size-background-worker=32768"
    "memorysetup-temp-allocator-size-job-worker=262144"
    "memorysetup-temp-allocator-size-preload-manager=33554432"
    "memorysetup-temp-allocator-size-nav-mesh-worker=65536"
    "memorysetup-temp-allocator-size-audio-worker=65536"
    "memorysetup-temp-allocator-size-cloud-worker=32768"
    "memorysetup-temp-allocator-size-gi-baking-worker=262144"
    "memorysetup-temp-allocator-size-gfx=262144"
Refreshing native plugins compatible for Editor in 237.24 ms, found 2 plugins.
Preloading 0 native plugins for Editor in 0.00 ms.
Initialize engine version: 2021.3.8f1 (b30333d56e81)
[Subsystems] Discovering subsystems at path C:/Program Files/Unity/Editor/2021.3.8f1/Editor/Data/Resources/UnitySubsystems
[Subsystems] Discovering subsystems at path F:/Workspace/Race Game/Assets
GfxDevice: creating device client; threaded=0; jobified=0
Direct3D:
    Version:  Direct3D 11.0 [level 11.1]
    Renderer: NVIDIA GeForce GTX 1660 Ti with Max-Q Design (ID=0x2191)
    Vendor:   NVIDIA
    VRAM:     5991 MB
    Driver:   31.0.15.1694
Initialize mono
Mono path[0] = 'C:/Program Files/Unity/Editor/2021.3.8f1/Editor/Data/Managed'
Mono path[1] = 'C:/Program Files/Unity/Editor/2021.3.8f1/Editor/Data/MonoBleedingEdge/lib/mono/unityjit-win32'
Mono config path = 'C:/Program Files/Unity/Editor/2021.3.8f1/Editor/Data/MonoBleedingEdge/etc'
Using monoOptions --debugger-agent=transport=dt_socket,embedding=1,server=y,suspend=n,address=127.0.0.1:56492
Begin MonoManager ReloadAssembly
Registering precompiled unity dll's ...
Register platform support module: C:/Program Files/Unity/Editor/2021.3.8f1/Editor/Data/PlaybackEngines/WebGLSupport/UnityEditor.WebGL.Extensions.dll
Register platform support module: C:/Program Files/Unity/Editor/2021.3.8f1/Editor/Data/PlaybackEngines/AndroidPlayer/UnityEditor.Android.Extensions.dll
Register platform support module: C:/Program Files/Unity/Editor/2021.3.8f1/Editor/Data/PlaybackEngines/WindowsStandaloneSupport/UnityEditor.WindowsStandalone.Extensions.dll
Registered in 0.033843 seconds.
Native extension for WindowsStandalone target not found
Native extension for Android target not found
Native extension for WebGL target not found
Refreshing native plugins compatible for Editor in 206.53 ms, found 2 plugins.
Preloading 0 native plugins for Editor in 0.00 ms.
Mono: successfully reloaded assembly
- Completed reload, in  2.923 seconds
Domain Reload Profiling:
	ReloadAssembly (2925ms)
		BeginReloadAssembly (352ms)
			ExecutionOrderSort (0ms)
			DisableScriptedObjects (0ms)
			BackupInstance (0ms)
			ReleaseScriptingObjects (0ms)
			CreateAndSetChildDomain (3ms)
		EndReloadAssembly (2051ms)
			LoadAssemblies (344ms)
			RebuildTransferFunctionScriptingTraits (0ms)
			SetupTypeCache (505ms)
			ReleaseScriptCaches (0ms)
			RebuildScriptCaches (131ms)
			SetupLoadedEditorAssemblies (1178ms)
				LogAssemblyErrors (0ms)
				InitializePlatformSupportModulesInManaged (265ms)
				SetLoadedEditorAssemblies (1ms)
				RefreshPlugins (207ms)
				BeforeProcessingInitializeOnLoad (5ms)
				ProcessInitializeOnLoadAttributes (484ms)
				ProcessInitializeOnLoadMethodAttributes (215ms)
				AfterProcessingInitializeOnLoad (0ms)
				EditorAssembliesLoaded (0ms)
			ExecutionOrderSort2 (0ms)
			AwakeInstancesAfterBackupRestoration (0ms)
Platform modules already initialized, skipping
Registering precompiled user dll's ...
Registered in 0.009030 seconds.
Begin MonoManager ReloadAssembly
Native extension for WindowsStandalone target not found
Native extension for Android target not found
Native extension for WebGL target not found
Refreshing native plugins compatible for Editor in 1.71 ms, found 2 plugins.
Preloading 0 native plugins for Editor in 0.00 ms.
Mono: successfully reloaded assembly
- Completed reload, in  4.308 seconds
Domain Reload Profiling:
	ReloadAssembly (4312ms)
		BeginReloadAssembly (599ms)
			ExecutionOrderSort (0ms)
			DisableScriptedObjects (29ms)
			BackupInstance (0ms)
			ReleaseScriptingObjects (0ms)
			CreateAndSetChildDomain (173ms)
		EndReloadAssembly (3172ms)
			LoadAssemblies (320ms)
			RebuildTransferFunctionScriptingTraits (0ms)
			SetupTypeCache (902ms)
			ReleaseScriptCaches (1ms)
			RebuildScriptCaches (211ms)
			SetupLoadedEditorAssemblies (1582ms)
				LogAssemblyErrors (0ms)
				InitializePlatformSupportModulesInManaged (74ms)
				SetLoadedEditorAssemblies (2ms)
				RefreshPlugins (2ms)
				BeforeProcessingInitializeOnLoad (262ms)
				ProcessInitializeOnLoadAttributes (1067ms)
				ProcessInitializeOnLoadMethodAttributes (139ms)
				AfterProcessingInitializeOnLoad (34ms)
				EditorAssembliesLoaded (1ms)
			ExecutionOrderSort2 (0ms)
			AwakeInstancesAfterBackupRestoration (24ms)
Platform modules already initialized, skipping
========================================================================
Worker process is ready to serve import requests
Launched and connected shader compiler UnityShaderCompiler.exe after 0.17 seconds
Refreshing native plugins compatible for Editor in 1.95 ms, found 2 plugins.
Preloading 0 native plugins for Editor in 0.00 ms.
Unloading 1912 Unused Serialized files (Serialized files now loaded: 0)
Unloading 32 unused Assets / (105.0 KB). Loaded Objects now: 2424.
Memory consumption went from 127.0 MB to 126.9 MB.
Total: 10.465500 ms (FindLiveObjects: 0.478000 ms CreateObjectMapping: 0.284200 ms MarkObjects: 9.579300 ms  DeleteObjects: 0.120800 ms)

AssetImportParameters requested are different than current active one (requested -> active):
  custom:video-decoder-ogg-theora: a1e56fd34408186e4bbccfd4996cb3dc -> 
  custom:container-muxer-webm: aa71ff27fc2769a1b78a27578f13a17b -> 
  custom:container-demuxer-webm: 4f35f7cbe854078d1ac9338744f61a02 -> 
  custom:video-encoder-webm-vp8: eb34c28f22e8b96e1ab97ce403110664 -> 
  custom:audio-encoder-webm-vorbis: bf7c407c2cedff20999df2af8eb42d56 -> 
  custom:framework-win-MediaFoundation: 216162199b28c13a410421893ffa2e32 -> 
  custom:container-demuxer-ogg: 62fdf1f143b41e24485cea50d1cbac27 -> 
  custom:video-decoder-webm-vp8: 9c59270c3fd7afecdb556c50c9e8de78 -> 
  custom:audio-decoder-ogg-vorbis: bf7c407c2cedff20999df2af8eb42d56 -> 
========================================================================
Received Import Request.
  Time since last request: 2030516.914043 seconds.
  path: Assets/Simple Garage/Textures/2K-false_ceiling_normal.png
  artifactKey: Guid(b722543030734cb4893dea1471a6b4fb) Importer(815301076,1909f56bfc062723c751e8b465ee728b)
Start importing Assets/Simple Garage/Textures/2K-false_ceiling_normal.png using Guid(b722543030734cb4893dea1471a6b4fb) Importer(815301076,1909f56bfc062723c751e8b465ee728b)  -> (artifact id: '16e6b4f6bd299fa1368e90bbf0e37699') in 0.495230 seconds 
========================================================================
Received Import Request.
  Time since last request: 0.000071 seconds.
  path: Assets/Simple Garage/Textures/2K-tiling_44_normal.png
  artifactKey: Guid(d5d7bf261e5338146abc85e5c3f572a9) Importer(815301076,1909f56bfc062723c751e8b465ee728b)
Start importing Assets/Simple Garage/Textures/2K-tiling_44_normal.png using Guid(d5d7bf261e5338146abc85e5c3f572a9) Importer(815301076,1909f56bfc062723c751e8b465ee728b)  -> (artifact id: '362eb4d798ac23ec9f4c5ff6649345e8') in 0.035081 seconds 
========================================================================
Received Import Request.
  Time since last request: 0.000084 seconds.
  path: Assets/Simple Garage/Textures/2K-tiling_44_basecolor.png
  artifactKey: Guid(a5c584959a4953447bb7631623619f4d) Importer(815301076,1909f56bfc062723c751e8b465ee728b)
Start importing Assets/Simple Garage/Textures/2K-tiling_44_basecolor.png using Guid(a5c584959a4953447bb7631623619f4d) Importer(815301076,1909f56bfc062723c751e8b465ee728b)  -> (artifact id: 'f25270285c128f904ef3d0d1f4360226') in 0.048605 seconds 
========================================================================
Received Import Request.
  Time since last request: 0.000053 seconds.
  path: Assets/Simple Garage/Textures/2K-false_ceiling_roughness.png
  artifactKey: Guid(a97c31b855888cf46b5ac18a602e4bf6) Importer(815301076,1909f56bfc062723c751e8b465ee728b)
Start importing Assets/Simple Garage/Textures/2K-false_ceiling_roughness.png using Guid(a97c31b855888cf46b5ac18a602e4bf6) Importer(815301076,1909f56bfc062723c751e8b465ee728b)  -> (artifact id: '19dea5951d6f16762bee3da0dd014bb2') in 0.029513 seconds 
========================================================================
Received Import Request.
  Time since last request: 26.794965 seconds.
  path: Assets/Simple Garage/Textures/2K-false_ceiling_roughness.png
  artifactKey: Guid(a97c31b855888cf46b5ac18a602e4bf6) Importer(815301076,1909f56bfc062723c751e8b465ee728b)
Start importing Assets/Simple Garage/Textures/2K-false_ceiling_roughness.png using Guid(a97c31b855888cf46b5ac18a602e4bf6) Importer(815301076,1909f56bfc062723c751e8b465ee728b)  -> (artifact id: '59238419a3f88a36097d035baa512a41') in 0.028530 seconds 
========================================================================
Received Import Request.
  Time since last request: 0.000085 seconds.
  path: Assets/Simple Garage/Textures/2K-tiling_44_roughness.png
  artifactKey: Guid(f32f380e31cbc1f4bb18fe358f9d7315) Importer(815301076,1909f56bfc062723c751e8b465ee728b)
Start importing Assets/Simple Garage/Textures/2K-tiling_44_roughness.png using Guid(f32f380e31cbc1f4bb18fe358f9d7315) Importer(815301076,1909f56bfc062723c751e8b465ee728b)  -> (artifact id: 'a794c86ac34a79ffa725fe3dd422ccb6') in 0.023867 seconds 
========================================================================
Received Import Request.
  Time since last request: 0.000057 seconds.
  path: Assets/Simple Garage/Textures/Camouflage suitcase albedo.png
  artifactKey: Guid(00f64738e909cc340b96918c1d840cfd) Importer(815301076,1909f56bfc062723c751e8b465ee728b)
Start importing Assets/Simple Garage/Textures/Camouflage suitcase albedo.png using Guid(00f64738e909cc340b96918c1d840cfd) Importer(815301076,1909f56bfc062723c751e8b465ee728b)  -> (artifact id: 'd2fdf8cb83fca5fe9af66b31ad285de8') in 0.035226 seconds 
========================================================================
Received Import Request.
  Time since last request: 0.000067 seconds.
  path: Assets/Simple Garage/Textures/Carpet albedo.png
  artifactKey: Guid(9f016cfac9eabb142933f7be87bc3d1e) Importer(815301076,1909f56bfc062723c751e8b465ee728b)
Start importing Assets/Simple Garage/Textures/Carpet albedo.png using Guid(9f016cfac9eabb142933f7be87bc3d1e) Importer(815301076,1909f56bfc062723c751e8b465ee728b)  -> (artifact id: '57c231ac21d0806b0703c802298cb8e2') in 0.022841 seconds 
========================================================================
Received Import Request.
  Time since last request: 0.000108 seconds.
  path: Assets/Simple Garage/Textures/Exterior_Exterior_pbr_normal.png
  artifactKey: Guid(01c1d8ff4646eb24abb792885899622d) Importer(815301076,1909f56bfc062723c751e8b465ee728b)
Start importing Assets/Simple Garage/Textures/Exterior_Exterior_pbr_normal.png using Guid(01c1d8ff4646eb24abb792885899622d) Importer(815301076,1909f56bfc062723c751e8b465ee728b)  -> (artifact id: '418d6ed6507bdc14a89bd123f9d70452') in 0.028197 seconds 
========================================================================
Received Import Request.
  Time since last request: 0.000066 seconds.
  path: Assets/Simple Garage/Textures/2K-tiling_44_normal.png
  artifactKey: Guid(d5d7bf261e5338146abc85e5c3f572a9) Importer(815301076,1909f56bfc062723c751e8b465ee728b)
Start importing Assets/Simple Garage/Textures/2K-tiling_44_normal.png using Guid(d5d7bf261e5338146abc85e5c3f572a9) Importer(815301076,1909f56bfc062723c751e8b465ee728b)  -> (artifact id: 'b3b8d9b243ac44ac039466216e8f91c6') in 0.027196 seconds 
========================================================================
Received Import Request.
  Time since last request: 0.000070 seconds.
  path: Assets/Simple Garage/Textures/Exterior_Exterior_pbr_roughness.png
  artifactKey: Guid(49548c62973cfa748874c29585b0d0a7) Importer(815301076,1909f56bfc062723c751e8b465ee728b)
Start importing Assets/Simple Garage/Textures/Exterior_Exterior_pbr_roughness.png using Guid(49548c62973cfa748874c29585b0d0a7) Importer(815301076,1909f56bfc062723c751e8b465ee728b)  -> (artifact id: '501de95f34f71a861906ec14ac141df3') in 0.025876 seconds 
========================================================================
Received Import Request.
  Time since last request: 0.000066 seconds.
  path: Assets/Simple Garage/Textures/Exterior_Exterior_pbr_diffuse.png
  artifactKey: Guid(fe29145816a7ddf43b20b846e2ee670b) Importer(815301076,1909f56bfc062723c751e8b465ee728b)
Start importing Assets/Simple Garage/Textures/Exterior_Exterior_pbr_diffuse.png using Guid(fe29145816a7ddf43b20b846e2ee670b) Importer(815301076,1909f56bfc062723c751e8b465ee728b)  -> (artifact id: 'e8241db334ef796ace2c41f7f4c75e2d') in 0.023759 seconds 
========================================================================
Received Import Request.
  Time since last request: 26.859458 seconds.
  path: Assets/Simple Garage/Textures/2K-false_ceiling_roughness.png
  artifactKey: Guid(a97c31b855888cf46b5ac18a602e4bf6) Importer(815301076,1909f56bfc062723c751e8b465ee728b)
Start importing Assets/Simple Garage/Textures/2K-false_ceiling_roughness.png using Guid(a97c31b855888cf46b5ac18a602e4bf6) Importer(815301076,1909f56bfc062723c751e8b465ee728b)  -> (artifact id: '1351c3045a68217c11a8e8fcba6d081d') in 0.031730 seconds 
========================================================================
Received Import Request.
  Time since last request: 0.000086 seconds.
  path: Assets/Simple Garage/Textures/2K-tiling_44_roughness.png
  artifactKey: Guid(f32f380e31cbc1f4bb18fe358f9d7315) Importer(815301076,1909f56bfc062723c751e8b465ee728b)
Start importing Assets/Simple Garage/Textures/2K-tiling_44_roughness.png using Guid(f32f380e31cbc1f4bb18fe358f9d7315) Importer(815301076,1909f56bfc062723c751e8b465ee728b)  -> (artifact id: 'edca91b34da2053c46af78b04fd83276') in 0.026711 seconds 
========================================================================
Received Import Request.
  Time since last request: 0.000077 seconds.
  path: Assets/Simple Garage/Textures/ah_dx17_conc_clean.png
  artifactKey: Guid(0a025b97ccdb32b46b9dbeba0e20b88e) Importer(815301076,1909f56bfc062723c751e8b465ee728b)
Start importing Assets/Simple Garage/Textures/ah_dx17_conc_clean.png using Guid(0a025b97ccdb32b46b9dbeba0e20b88e) Importer(815301076,1909f56bfc062723c751e8b465ee728b)  -> (artifact id: '50496bf51df0e7f0e89247a15181ee22') in 0.028322 seconds 
========================================================================
Received Import Request.
  Time since last request: 0.000092 seconds.
  path: Assets/Simple Garage/Textures/Carpet normal.png
  artifactKey: Guid(f4e2b9a4e26ea4d4e9e111f77707e914) Importer(815301076,1909f56bfc062723c751e8b465ee728b)
Start importing Assets/Simple Garage/Textures/Carpet normal.png using Guid(f4e2b9a4e26ea4d4e9e111f77707e914) Importer(815301076,1909f56bfc062723c751e8b465ee728b)  -> (artifact id: '7e09700924b38856bd1295c6cbf9d0c0') in 0.027461 seconds 
========================================================================
Received Import Request.
  Time since last request: 0.000106 seconds.
  path: Assets/Simple Garage/Textures/Exterior_Exterior_pbr_roughness.png
  artifactKey: Guid(49548c62973cfa748874c29585b0d0a7) Importer(815301076,1909f56bfc062723c751e8b465ee728b)
Start importing Assets/Simple Garage/Textures/Exterior_Exterior_pbr_roughness.png using Guid(49548c62973cfa748874c29585b0d0a7) Importer(815301076,1909f56bfc062723c751e8b465ee728b)  -> (artifact id: 'cb20afadfdfacecf28c34142d248351b') in 0.029654 seconds 
========================================================================
Received Import Request.
  Time since last request: 57.192175 seconds.
  path: Assets/Simple Garage/Textures/2K-tiling_44_basecolor.png
  artifactKey: Guid(a5c584959a4953447bb7631623619f4d) Importer(815301076,1909f56bfc062723c751e8b465ee728b)
Start importing Assets/Simple Garage/Textures/2K-tiling_44_basecolor.png using Guid(a5c584959a4953447bb7631623619f4d) Importer(815301076,1909f56bfc062723c751e8b465ee728b)  -> (artifact id: 'da23a5a5811fada6a4712f324cb76b6b') in 0.039853 seconds 
========================================================================
Received Import Request.
  Time since last request: 0.000068 seconds.
  path: Assets/Simple Garage/Textures/2K-tiling_44_roughness.png
  artifactKey: Guid(f32f380e31cbc1f4bb18fe358f9d7315) Importer(815301076,1909f56bfc062723c751e8b465ee728b)
Start importing Assets/Simple Garage/Textures/2K-tiling_44_roughness.png using Guid(f32f380e31cbc1f4bb18fe358f9d7315) Importer(815301076,1909f56bfc062723c751e8b465ee728b)  -> (artifact id: 'ecda55f40c193bac0305aeaa5d7f5d99') in 0.049891 seconds 
========================================================================
Received Import Request.
  Time since last request: 0.000084 seconds.
  path: Assets/Simple Garage/Textures/Carpet albedo.png
  artifactKey: Guid(9f016cfac9eabb142933f7be87bc3d1e) Importer(815301076,1909f56bfc062723c751e8b465ee728b)
Start importing Assets/Simple Garage/Textures/Carpet albedo.png using Guid(9f016cfac9eabb142933f7be87bc3d1e) Importer(815301076,1909f56bfc062723c751e8b465ee728b)  -> (artifact id: 'd1bc4801a89f5ffce0082e59d00adc3c') in 0.023612 seconds 
========================================================================
Received Import Request.
  Time since last request: 0.000063 seconds.
  path: Assets/Simple Garage/Textures/et_nonslip_vrusty_s.png
  artifactKey: Guid(7e352a2c8ff40c84d9446f55e6256368) Importer(815301076,1909f56bfc062723c751e8b465ee728b)
Start importing Assets/Simple Garage/Textures/et_nonslip_vrusty_s.png using Guid(7e352a2c8ff40c84d9446f55e6256368) Importer(815301076,1909f56bfc062723c751e8b465ee728b)  -> (artifact id: 'f8d3d62ce4ca339270217b237b9f5c98') in 0.030162 seconds 
========================================================================
Received Import Request.
  Time since last request: 0.000081 seconds.
  path: Assets/Simple Garage/Textures/Exterior_Exterior_pbr_roughness.png
  artifactKey: Guid(49548c62973cfa748874c29585b0d0a7) Importer(815301076,1909f56bfc062723c751e8b465ee728b)
Start importing Assets/Simple Garage/Textures/Exterior_Exterior_pbr_roughness.png using Guid(49548c62973cfa748874c29585b0d0a7) Importer(815301076,1909f56bfc062723c751e8b465ee728b)  -> (artifact id: '193b77c11499378544beb1fcb5f2bcea') in 0.086097 seconds 
========================================================================
Received Prepare
Registering precompiled user dll's ...
Registered in 0.008452 seconds.
Begin MonoManager ReloadAssembly
Native extension for WindowsStandalone target not found
Native extension for Android target not found
Native extension for WebGL target not found
Refreshing native plugins compatible for Editor in 1.75 ms, found 2 plugins.
Preloading 0 native plugins for Editor in 0.00 ms.
Mono: successfully reloaded assembly
- Completed reload, in  4.542 seconds
Domain Reload Profiling:
	ReloadAssembly (4545ms)
		BeginReloadAssembly (593ms)
			ExecutionOrderSort (0ms)
			DisableScriptedObjects (22ms)
			BackupInstance (0ms)
			ReleaseScriptingObjects (0ms)
			CreateAndSetChildDomain (145ms)
		EndReloadAssembly (3426ms)
			LoadAssemblies (382ms)
			RebuildTransferFunctionScriptingTraits (0ms)
			SetupTypeCache (1060ms)
			ReleaseScriptCaches (3ms)
			RebuildScriptCaches (205ms)
			SetupLoadedEditorAssemblies (1626ms)
				LogAssemblyErrors (0ms)
				InitializePlatformSupportModulesInManaged (119ms)
				SetLoadedEditorAssemblies (2ms)
				RefreshPlugins (2ms)
				BeforeProcessingInitializeOnLoad (248ms)
				ProcessInitializeOnLoadAttributes (1078ms)
				ProcessInitializeOnLoadMethodAttributes (139ms)
				AfterProcessingInitializeOnLoad (38ms)
				EditorAssembliesLoaded (1ms)
			ExecutionOrderSort2 (0ms)
			AwakeInstancesAfterBackupRestoration (24ms)
Platform modules already initialized, skipping
Refreshing native plugins compatible for Editor in 4.97 ms, found 2 plugins.
Preloading 0 native plugins for Editor in 0.00 ms.
Unloading 1891 Unused Serialized files (Serialized files now loaded: 0)
Unloading 14 unused Assets / (97.3 KB). Loaded Objects now: 2446.
Memory consumption went from 129.1 MB to 129.1 MB.
Total: 10.309800 ms (FindLiveObjects: 0.501800 ms CreateObjectMapping: 0.224300 ms MarkObjects: 9.429400 ms  DeleteObjects: 0.151100 ms)

AssetImportParameters requested are different than current active one (requested -> active):
  custom:video-decoder-ogg-theora: a1e56fd34408186e4bbccfd4996cb3dc -> 
  custom:container-muxer-webm: aa71ff27fc2769a1b78a27578f13a17b -> 
  custom:container-demuxer-webm: 4f35f7cbe854078d1ac9338744f61a02 -> 
  custom:video-encoder-webm-vp8: eb34c28f22e8b96e1ab97ce403110664 -> 
  custom:audio-encoder-webm-vorbis: bf7c407c2cedff20999df2af8eb42d56 -> 
  custom:framework-win-MediaFoundation: 216162199b28c13a410421893ffa2e32 -> 
  custom:container-demuxer-ogg: 62fdf1f143b41e24485cea50d1cbac27 -> 
  custom:video-decoder-webm-vp8: 9c59270c3fd7afecdb556c50c9e8de78 -> 
  custom:audio-decoder-ogg-vorbis: bf7c407c2cedff20999df2af8eb42d56 -> 
========================================================================
Received Prepare
Registering precompiled user dll's ...
Registered in 0.008503 seconds.
Begin MonoManager ReloadAssembly
Native extension for WindowsStandalone target not found
Native extension for Android target not found
Native extension for WebGL target not found
Refreshing native plugins compatible for Editor in 1.74 ms, found 2 plugins.
Preloading 0 native plugins for Editor in 0.00 ms.
Mono: successfully reloaded assembly
- Completed reload, in  4.177 seconds
Domain Reload Profiling:
	ReloadAssembly (4179ms)
		BeginReloadAssembly (556ms)
			ExecutionOrderSort (0ms)
			DisableScriptedObjects (23ms)
			BackupInstance (0ms)
			ReleaseScriptingObjects (0ms)
			CreateAndSetChildDomain (125ms)
		EndReloadAssembly (3153ms)
			LoadAssemblies (365ms)
			RebuildTransferFunctionScriptingTraits (0ms)
			SetupTypeCache (886ms)
			ReleaseScriptCaches (3ms)
			RebuildScriptCaches (181ms)
			SetupLoadedEditorAssemblies (1567ms)
				LogAssemblyErrors (0ms)
				InitializePlatformSupportModulesInManaged (115ms)
				SetLoadedEditorAssemblies (2ms)
				RefreshPlugins (2ms)
				BeforeProcessingInitializeOnLoad (238ms)
				ProcessInitializeOnLoadAttributes (1043ms)
				ProcessInitializeOnLoadMethodAttributes (132ms)
				AfterProcessingInitializeOnLoad (34ms)
				EditorAssembliesLoaded (1ms)
			ExecutionOrderSort2 (0ms)
			AwakeInstancesAfterBackupRestoration (29ms)
Platform modules already initialized, skipping
Refreshing native plugins compatible for Editor in 6.46 ms, found 2 plugins.
Preloading 0 native plugins for Editor in 0.00 ms.
Unloading 1891 Unused Serialized files (Serialized files now loaded: 0)
Unloading 14 unused Assets / (97.4 KB). Loaded Objects now: 2461.
Memory consumption went from 129.2 MB to 129.1 MB.
Total: 13.237300 ms (FindLiveObjects: 0.472000 ms CreateObjectMapping: 0.264300 ms MarkObjects: 12.395000 ms  DeleteObjects: 0.102000 ms)

AssetImportParameters requested are different than current active one (requested -> active):
  custom:video-decoder-ogg-theora: a1e56fd34408186e4bbccfd4996cb3dc -> 
  custom:container-muxer-webm: aa71ff27fc2769a1b78a27578f13a17b -> 
  custom:container-demuxer-webm: 4f35f7cbe854078d1ac9338744f61a02 -> 
  custom:video-encoder-webm-vp8: eb34c28f22e8b96e1ab97ce403110664 -> 
  custom:audio-encoder-webm-vorbis: bf7c407c2cedff20999df2af8eb42d56 -> 
  custom:framework-win-MediaFoundation: 216162199b28c13a410421893ffa2e32 -> 
  custom:container-demuxer-ogg: 62fdf1f143b41e24485cea50d1cbac27 -> 
  custom:video-decoder-webm-vp8: 9c59270c3fd7afecdb556c50c9e8de78 -> 
  custom:audio-decoder-ogg-vorbis: bf7c407c2cedff20999df2af8eb42d56 -> 
========================================================================
Received Import Request.
  Time since last request: 5019.283556 seconds.
  path: Assets/Asset/Skyboxes MegaPack 1/1/1.mat
  artifactKey: Guid(39f88b8fc2df8fd4d84a74208ef9e8ba) Importer(815301076,1909f56bfc062723c751e8b465ee728b)
Start importing Assets/Asset/Skyboxes MegaPack 1/1/1.mat using Guid(39f88b8fc2df8fd4d84a74208ef9e8ba) Importer(815301076,1909f56bfc062723c751e8b465ee728b)  -> (artifact id: '08b6883a61a0c97819f70c7bada11ad4') in 0.390860 seconds 
========================================================================
Received Import Request.
  Time since last request: 0.000059 seconds.
  path: Assets/Simple Garage/Materials/[0132_LightGray].mat
  artifactKey: Guid(4e86ca9f8f7424744a4426c0ee5c0145) Importer(815301076,1909f56bfc062723c751e8b465ee728b)
Start importing Assets/Simple Garage/Materials/[0132_LightGray].mat using Guid(4e86ca9f8f7424744a4426c0ee5c0145) Importer(815301076,1909f56bfc062723c751e8b465ee728b)  -> (artifact id: 'f22bc9b8ed689ecb9265d5b12a287e2f') in 0.102052 seconds 
========================================================================
Received Import Request.
  Time since last request: 0.000084 seconds.
  path: Assets/Simple Garage/Materials/[Color_003].mat
  artifactKey: Guid(6453aa9316b043047a8785e48b115d14) Importer(815301076,1909f56bfc062723c751e8b465ee728b)
Start importing Assets/Simple Garage/Materials/[Color_003].mat using Guid(6453aa9316b043047a8785e48b115d14) Importer(815301076,1909f56bfc062723c751e8b465ee728b)  -> (artifact id: 'e3ee701bf130484de29a0e52426648b7') in 0.047718 seconds 
========================================================================
Received Import Request.
  Time since last request: 0.000052 seconds.
  path: Assets/Simple Garage/Models/Machinery parts.on the floor.fbx
  artifactKey: Guid(0bbe402466917cb46b2d7bfa99dde560) Importer(815301076,1909f56bfc062723c751e8b465ee728b)
Start importing Assets/Simple Garage/Models/Machinery parts.on the floor.fbx using Guid(0bbe402466917cb46b2d7bfa99dde560) Importer(815301076,1909f56bfc062723c751e8b465ee728b)  -> (artifact id: '43c3da694e0317bb97c576ac293d981a') in 0.250411 seconds 
========================================================================
Received Import Request.
  Time since last request: 0.000058 seconds.
  path: Assets/Asset/Skyboxes MegaPack 1/4/4.mat
  artifactKey: Guid(30a9b5d7a9610fc43a4f6cf773fc6cd9) Importer(815301076,1909f56bfc062723c751e8b465ee728b)
Start importing Assets/Asset/Skyboxes MegaPack 1/4/4.mat using Guid(30a9b5d7a9610fc43a4f6cf773fc6cd9) Importer(815301076,1909f56bfc062723c751e8b465ee728b)  -> (artifact id: 'e008e89c2904098128d6fc886d235925') in 0.067001 seconds 
========================================================================
Received Import Request.
  Time since last request: 0.000077 seconds.
  path: Assets/Asset/Skyboxes MegaPack 1/7/7.mat
  artifactKey: Guid(26883524ee617f64c87d6ed08c5573dc) Importer(815301076,1909f56bfc062723c751e8b465ee728b)
Start importing Assets/Asset/Skyboxes MegaPack 1/7/7.mat using Guid(26883524ee617f64c87d6ed08c5573dc) Importer(815301076,1909f56bfc062723c751e8b465ee728b)  -> (artifact id: '0622bba00aaffc8da9bb18703efd7147') in 0.075719 seconds 
========================================================================
Received Import Request.
  Time since last request: 0.000048 seconds.
  path: Assets/Asset/Skyboxes MegaPack 1/5/5.mat
  artifactKey: Guid(b172751e6adf7bf45902a5a558574fa7) Importer(815301076,1909f56bfc062723c751e8b465ee728b)
Start importing Assets/Asset/Skyboxes MegaPack 1/5/5.mat using Guid(b172751e6adf7bf45902a5a558574fa7) Importer(815301076,1909f56bfc062723c751e8b465ee728b)  -> (artifact id: 'f535d9fe1b58ee7daa1ed876bf0b1df4') in 0.063730 seconds 
========================================================================
Received Import Request.
  Time since last request: 0.000052 seconds.
  path: Assets/Simple Garage/Models/White suitcase.002.fbx
  artifactKey: Guid(ed717cf5527eff748ace6df57db2e2b4) Importer(815301076,1909f56bfc062723c751e8b465ee728b)
Start importing Assets/Simple Garage/Models/White suitcase.002.fbx using Guid(ed717cf5527eff748ace6df57db2e2b4) Importer(815301076,1909f56bfc062723c751e8b465ee728b)  -> (artifact id: '71e2c6dc7c37d18a396514e8889022c8') in 0.090268 seconds 
========================================================================
Received Import Request.
  Time since last request: 0.000056 seconds.
  path: Assets/Simple Garage/Materials/[_0129_WhiteSmoke_].mat
  artifactKey: Guid(8833c0fdc1dabeb439f07d1d19c7790f) Importer(815301076,1909f56bfc062723c751e8b465ee728b)
Start importing Assets/Simple Garage/Materials/[_0129_WhiteSmoke_].mat using Guid(8833c0fdc1dabeb439f07d1d19c7790f) Importer(815301076,1909f56bfc062723c751e8b465ee728b)  -> (artifact id: 'ba630cdd799963b8ed2549f7d99485f3') in 0.030162 seconds 
========================================================================
Received Import Request.
  Time since last request: 0.000075 seconds.
  path: Assets/Simple Garage/Models/Shelf.fbx
  artifactKey: Guid(7316845734f527d4aaba29d50932acf5) Importer(815301076,1909f56bfc062723c751e8b465ee728b)
Start importing Assets/Simple Garage/Models/Shelf.fbx using Guid(7316845734f527d4aaba29d50932acf5) Importer(815301076,1909f56bfc062723c751e8b465ee728b)  -> (artifact id: '1ca1bcc190a7a0b73a4ac326c8a59236') in 0.161076 seconds 
========================================================================
Received Import Request.
  Time since last request: 0.000057 seconds.
  path: Assets/Simple Garage/Materials/[Color_006].mat
  artifactKey: Guid(edec75fe48008b14a8c365b20463bc85) Importer(815301076,1909f56bfc062723c751e8b465ee728b)
Start importing Assets/Simple Garage/Materials/[Color_006].mat using Guid(edec75fe48008b14a8c365b20463bc85) Importer(815301076,1909f56bfc062723c751e8b465ee728b)  -> (artifact id: '369a8f004108b95fa66347e5b75785ad') in 0.024462 seconds 
========================================================================
Received Import Request.
  Time since last request: 0.000058 seconds.
  path: Assets/Asset/Flares/Textures/35mmflare.psd
  artifactKey: Guid(910ca44a625e34850a8a94510b36f146) Importer(815301076,1909f56bfc062723c751e8b465ee728b)
Start importing Assets/Asset/Flares/Textures/35mmflare.psd using Guid(910ca44a625e34850a8a94510b36f146) Importer(815301076,1909f56bfc062723c751e8b465ee728b)  -> (artifact id: '8b25f2828dd96f0065ae497e183f856f') in 0.053400 seconds 
========================================================================
Received Import Request.
  Time since last request: 0.000068 seconds.
  path: Assets/Simple Garage/Materials/[Color A08]7.mat
  artifactKey: Guid(1ff404bc24c6a784c99c612c29d52066) Importer(815301076,1909f56bfc062723c751e8b465ee728b)
Start importing Assets/Simple Garage/Materials/[Color A08]7.mat using Guid(1ff404bc24c6a784c99c612c29d52066) Importer(815301076,1909f56bfc062723c751e8b465ee728b)  -> (artifact id: '1635f778506dda8dcf767b1f2213bb18') in 0.027179 seconds 
========================================================================
Received Import Request.
  Time since last request: 0.000065 seconds.
  path: Assets/Simple Garage/Models/Drilling machine.fbx
  artifactKey: Guid(90c9e6438ec56844bab86842983559bd) Importer(815301076,1909f56bfc062723c751e8b465ee728b)
Start importing Assets/Simple Garage/Models/Drilling machine.fbx using Guid(90c9e6438ec56844bab86842983559bd) Importer(815301076,1909f56bfc062723c751e8b465ee728b)  -> (artifact id: '2f222464d7d7a878ffc80ccfcd9ee621') in 0.343086 seconds 
========================================================================
Received Import Request.
  Time since last request: 0.000081 seconds.
  path: Assets/Simple Garage/Models/Garage.fbx
  artifactKey: Guid(8f9e4da5668113a4da8b4efea4a9499f) Importer(815301076,1909f56bfc062723c751e8b465ee728b)
Start importing Assets/Simple Garage/Models/Garage.fbx using Guid(8f9e4da5668113a4da8b4efea4a9499f) Importer(815301076,1909f56bfc062723c751e8b465ee728b)  -> (artifact id: 'ca9941101082474e389738062e4d09a3') in 2.618946 seconds 
========================================================================
Received Import Request.
  Time since last request: 0.906649 seconds.
  path: Assets/Simple Garage/Models/Saw.fbx
  artifactKey: Guid(bc7f2b2496b7d5e42aeff231458e580d) Importer(815301076,1909f56bfc062723c751e8b465ee728b)
Start importing Assets/Simple Garage/Models/Saw.fbx using Guid(bc7f2b2496b7d5e42aeff231458e580d) Importer(815301076,1909f56bfc062723c751e8b465ee728b)  -> (artifact id: '134483654c4dc9ce066adca4c2fc1898') in 0.265884 seconds 
========================================================================
Received Import Request.
  Time since last request: 0.000080 seconds.
  path: Assets/RTG 1.3/Contents/Others/megaphone.fbx
  artifactKey: Guid(aeb1ff138c0b3b743a9aa35f82043e30) Importer(815301076,1909f56bfc062723c751e8b465ee728b)
Start importing Assets/RTG 1.3/Contents/Others/megaphone.fbx using Guid(aeb1ff138c0b3b743a9aa35f82043e30) Importer(815301076,1909f56bfc062723c751e8b465ee728b)  -> (artifact id: 'f83d218a6cdd1cd2295e06bce0b6a141') in 0.071129 seconds 
========================================================================
Received Import Request.
  Time since last request: 0.000080 seconds.
  path: Assets/Simple Garage/Textures/Garage door albedo.png
  artifactKey: Guid(bbf9486243dac6544acd6bafec55aefc) Importer(815301076,1909f56bfc062723c751e8b465ee728b)
Start importing Assets/Simple Garage/Textures/Garage door albedo.png using Guid(bbf9486243dac6544acd6bafec55aefc) Importer(815301076,1909f56bfc062723c751e8b465ee728b)  -> (artifact id: '46dfe13d73cc24f043e609678956c81b') in 0.043003 seconds 
========================================================================
Received Import Request.
  Time since last request: 0.000064 seconds.
  path: Assets/Simple Garage/Materials/Metal_Corrogated_Shiny.mat
  artifactKey: Guid(3101f5fcaa024284ba283f278804f7a3) Importer(815301076,1909f56bfc062723c751e8b465ee728b)
Start importing Assets/Simple Garage/Materials/Metal_Corrogated_Shiny.mat using Guid(3101f5fcaa024284ba283f278804f7a3) Importer(815301076,1909f56bfc062723c751e8b465ee728b)  -> (artifact id: 'eea7cee20dd5061080287720d64fb981') in 0.029757 seconds 
========================================================================
Received Import Request.
  Time since last request: 0.000050 seconds.
  path: Assets/Simple Garage/Prefabs/Garage door.prefab
  artifactKey: Guid(181bdc07ff71bac44b9f9ddfec8ec770) Importer(815301076,1909f56bfc062723c751e8b465ee728b)
Start importing Assets/Simple Garage/Prefabs/Garage door.prefab using Guid(181bdc07ff71bac44b9f9ddfec8ec770) Importer(815301076,1909f56bfc062723c751e8b465ee728b)  -> (artifact id: '410f7f87918a4520ed91288b80211af6') in 0.044573 seconds 
========================================================================
Received Import Request.
  Time since last request: 0.000055 seconds.
  path: Assets/Simple Garage/Materials/Garage door albedo.mat
  artifactKey: Guid(7ef4fb80a8e8ba548aacc1d07b7b1b39) Importer(815301076,1909f56bfc062723c751e8b465ee728b)
Start importing Assets/Simple Garage/Materials/Garage door albedo.mat using Guid(7ef4fb80a8e8ba548aacc1d07b7b1b39) Importer(815301076,1909f56bfc062723c751e8b465ee728b)  -> (artifact id: '8e3305ca93a6cc10fee79f14542c40f5') in 0.032964 seconds 
========================================================================
Received Import Request.
  Time since last request: 0.000071 seconds.
  path: Assets/Simple Garage/Textures/garage_door_height.png
  artifactKey: Guid(cdc6a1ae452302f4dacba447db6677e7) Importer(815301076,1909f56bfc062723c751e8b465ee728b)
Start importing Assets/Simple Garage/Textures/garage_door_height.png using Guid(cdc6a1ae452302f4dacba447db6677e7) Importer(815301076,1909f56bfc062723c751e8b465ee728b)  -> (artifact id: '1e1d7edd4782382dd330ce6d33547908') in 0.025736 seconds 
========================================================================
Received Import Request.
  Time since last request: 0.000077 seconds.
  path: Assets/Simple Garage/Models/Garage door.fbx
  artifactKey: Guid(0ef15bbf0c3f08646b1812c663767007) Importer(815301076,1909f56bfc062723c751e8b465ee728b)
Start importing Assets/Simple Garage/Models/Garage door.fbx using Guid(0ef15bbf0c3f08646b1812c663767007) Importer(815301076,1909f56bfc062723c751e8b465ee728b)  -> (artifact id: '016240cdaaaa6d3a1d4bef8c480a4aea') in 0.098387 seconds 
========================================================================
Received Import Request.
  Time since last request: 0.000185 seconds.
  path: Assets/Simple Garage/Prefabs/Garage.prefab
  artifactKey: Guid(e6084503f826bbb428b1e677dc1a75d4) Importer(815301076,1909f56bfc062723c751e8b465ee728b)
Start importing Assets/Simple Garage/Prefabs/Garage.prefab using Guid(e6084503f826bbb428b1e677dc1a75d4) Importer(815301076,1909f56bfc062723c751e8b465ee728b)  -> (artifact id: 'e8c1f9b9b7009a647cdb59f54c986113') in 0.387891 seconds 
========================================================================
Received Import Request.
  Time since last request: 195.976573 seconds.
  path: Assets/Scenes/MainMenu.unity
  artifactKey: Guid(9fc0d4010bbf28b4594072e72b8655ab) Importer(815301076,1909f56bfc062723c751e8b465ee728b)
Start importing Assets/Scenes/MainMenu.unity using Guid(9fc0d4010bbf28b4594072e72b8655ab) Importer(815301076,1909f56bfc062723c751e8b465ee728b)  -> (artifact id: '10a32c6a76854d80c1a0eb501d8f38aa') in 0.002806 seconds 
========================================================================
Received Import Request.
  Time since last request: 13.163285 seconds.
  path: Assets/Scenes/MapSelection.unity
  artifactKey: Guid(55ab9c0f657ac3542a167024c15be3cc) Importer(815301076,1909f56bfc062723c751e8b465ee728b)
Start importing Assets/Scenes/MapSelection.unity using Guid(55ab9c0f657ac3542a167024c15be3cc) Importer(815301076,1909f56bfc062723c751e8b465ee728b)  -> (artifact id: 'e47ff844c15cb7a98c7a574df93bd711') in 0.002742 seconds 
========================================================================
Received Import Request.
  Time since last request: 44.535255 seconds.
  path: Assets/Scenes/Garage Scene 1.unity
  artifactKey: Guid(5eacbcf16b5c21a4b9f3b71ee9e5f812) Importer(815301076,1909f56bfc062723c751e8b465ee728b)
Start importing Assets/Scenes/Garage Scene 1.unity using Guid(5eacbcf16b5c21a4b9f3b71ee9e5f812) Importer(815301076,1909f56bfc062723c751e8b465ee728b)  -> (artifact id: '814001d957e349c643aaba89c38209b7') in 0.002814 seconds 
========================================================================
Received Prepare
Registering precompiled user dll's ...
Registered in 0.003193 seconds.
Begin MonoManager ReloadAssembly
Native extension for WindowsStandalone target not found
Native extension for Android target not found
Native extension for WebGL target not found
Refreshing native plugins compatible for Editor in 1.28 ms, found 2 plugins.
Preloading 0 native plugins for Editor in 0.00 ms.
Mono: successfully reloaded assembly
- Completed reload, in  2.704 seconds
Domain Reload Profiling:
	ReloadAssembly (2706ms)
		BeginReloadAssembly (251ms)
			ExecutionOrderSort (0ms)
			DisableScriptedObjects (9ms)
			BackupInstance (0ms)
			ReleaseScriptingObjects (0ms)
			CreateAndSetChildDomain (52ms)
		EndReloadAssembly (2237ms)
			LoadAssemblies (170ms)
			RebuildTransferFunctionScriptingTraits (0ms)
			SetupTypeCache (452ms)
			ReleaseScriptCaches (2ms)
			RebuildScriptCaches (172ms)
			SetupLoadedEditorAssemblies (1258ms)
				LogAssemblyErrors (0ms)
				InitializePlatformSupportModulesInManaged (86ms)
				SetLoadedEditorAssemblies (2ms)
				RefreshPlugins (1ms)
				BeforeProcessingInitializeOnLoad (169ms)
				ProcessInitializeOnLoadAttributes (864ms)
				ProcessInitializeOnLoadMethodAttributes (105ms)
				AfterProcessingInitializeOnLoad (31ms)
				EditorAssembliesLoaded (0ms)
			ExecutionOrderSort2 (0ms)
			AwakeInstancesAfterBackupRestoration (15ms)
Platform modules already initialized, skipping
Refreshing native plugins compatible for Editor in 2.61 ms, found 2 plugins.
Preloading 0 native plugins for Editor in 0.00 ms.
Unloading 1891 Unused Serialized files (Serialized files now loaded: 0)
Unloading 14 unused Assets / (97.4 KB). Loaded Objects now: 2517.
Memory consumption went from 129.8 MB to 129.7 MB.
Total: 9.639000 ms (FindLiveObjects: 0.320500 ms CreateObjectMapping: 0.233300 ms MarkObjects: 8.998900 ms  DeleteObjects: 0.084300 ms)

AssetImportParameters requested are different than current active one (requested -> active):
  custom:video-decoder-ogg-theora: a1e56fd34408186e4bbccfd4996cb3dc -> 
  custom:container-muxer-webm: aa71ff27fc2769a1b78a27578f13a17b -> 
  custom:container-demuxer-webm: 4f35f7cbe854078d1ac9338744f61a02 -> 
  custom:video-encoder-webm-vp8: eb34c28f22e8b96e1ab97ce403110664 -> 
  custom:audio-encoder-webm-vorbis: bf7c407c2cedff20999df2af8eb42d56 -> 
  custom:framework-win-MediaFoundation: 216162199b28c13a410421893ffa2e32 -> 
  custom:container-demuxer-ogg: 62fdf1f143b41e24485cea50d1cbac27 -> 
  custom:video-decoder-webm-vp8: 9c59270c3fd7afecdb556c50c9e8de78 -> 
  custom:audio-decoder-ogg-vorbis: bf7c407c2cedff20999df2af8eb42d56 -> 
========================================================================
Received Prepare
Registering precompiled user dll's ...
Registered in 0.003787 seconds.
Begin MonoManager ReloadAssembly
Native extension for WindowsStandalone target not found
Native extension for Android target not found
Native extension for WebGL target not found
Refreshing native plugins compatible for Editor in 1.25 ms, found 2 plugins.
Preloading 0 native plugins for Editor in 0.00 ms.
Mono: successfully reloaded assembly
- Completed reload, in  2.351 seconds
Domain Reload Profiling:
	ReloadAssembly (2352ms)
		BeginReloadAssembly (237ms)
			ExecutionOrderSort (0ms)
			DisableScriptedObjects (10ms)
			BackupInstance (0ms)
			ReleaseScriptingObjects (0ms)
			CreateAndSetChildDomain (67ms)
		EndReloadAssembly (1928ms)
			LoadAssemblies (131ms)
			RebuildTransferFunctionScriptingTraits (0ms)
			SetupTypeCache (323ms)
			ReleaseScriptCaches (1ms)
			RebuildScriptCaches (97ms)
			SetupLoadedEditorAssemblies (1194ms)
				LogAssemblyErrors (0ms)
				InitializePlatformSupportModulesInManaged (96ms)
				SetLoadedEditorAssemblies (1ms)
				RefreshPlugins (1ms)
				BeforeProcessingInitializeOnLoad (151ms)
				ProcessInitializeOnLoadAttributes (822ms)
				ProcessInitializeOnLoadMethodAttributes (98ms)
				AfterProcessingInitializeOnLoad (24ms)
				EditorAssembliesLoaded (0ms)
			ExecutionOrderSort2 (0ms)
			AwakeInstancesAfterBackupRestoration (18ms)
Platform modules already initialized, skipping
Refreshing native plugins compatible for Editor in 3.50 ms, found 2 plugins.
Preloading 0 native plugins for Editor in 0.00 ms.
Unloading 1891 Unused Serialized files (Serialized files now loaded: 0)
Unloading 14 unused Assets / (97.4 KB). Loaded Objects now: 2532.
Memory consumption went from 129.8 MB to 129.7 MB.
Total: 4.766100 ms (FindLiveObjects: 0.357000 ms CreateObjectMapping: 0.226900 ms MarkObjects: 4.136100 ms  DeleteObjects: 0.044500 ms)

AssetImportParameters requested are different than current active one (requested -> active):
  custom:video-decoder-ogg-theora: a1e56fd34408186e4bbccfd4996cb3dc -> 
  custom:container-muxer-webm: aa71ff27fc2769a1b78a27578f13a17b -> 
  custom:container-demuxer-webm: 4f35f7cbe854078d1ac9338744f61a02 -> 
  custom:video-encoder-webm-vp8: eb34c28f22e8b96e1ab97ce403110664 -> 
  custom:audio-encoder-webm-vorbis: bf7c407c2cedff20999df2af8eb42d56 -> 
  custom:framework-win-MediaFoundation: 216162199b28c13a410421893ffa2e32 -> 
  custom:container-demuxer-ogg: 62fdf1f143b41e24485cea50d1cbac27 -> 
  custom:video-decoder-webm-vp8: 9c59270c3fd7afecdb556c50c9e8de78 -> 
  custom:audio-decoder-ogg-vorbis: bf7c407c2cedff20999df2af8eb42d56 -> 
========================================================================
Received Prepare
Registering precompiled user dll's ...
Registered in 0.004882 seconds.
Begin MonoManager ReloadAssembly
Native extension for WindowsStandalone target not found
Native extension for Android target not found
Native extension for WebGL target not found
Refreshing native plugins compatible for Editor in 1.13 ms, found 2 plugins.
Preloading 0 native plugins for Editor in 0.00 ms.
Mono: successfully reloaded assembly
- Completed reload, in  2.403 seconds
Domain Reload Profiling:
	ReloadAssembly (2405ms)
		BeginReloadAssembly (230ms)
			ExecutionOrderSort (0ms)
			DisableScriptedObjects (10ms)
			BackupInstance (0ms)
			ReleaseScriptingObjects (0ms)
			CreateAndSetChildDomain (50ms)
		EndReloadAssembly (1935ms)
			LoadAssemblies (154ms)
			RebuildTransferFunctionScriptingTraits (0ms)
			SetupTypeCache (363ms)
			ReleaseScriptCaches (1ms)
			RebuildScriptCaches (90ms)
			SetupLoadedEditorAssemblies (1176ms)
				LogAssemblyErrors (0ms)
				InitializePlatformSupportModulesInManaged (81ms)
				SetLoadedEditorAssemblies (1ms)
				RefreshPlugins (1ms)
				BeforeProcessingInitializeOnLoad (178ms)
				ProcessInitializeOnLoadAttributes (754ms)
				ProcessInitializeOnLoadMethodAttributes (128ms)
				AfterProcessingInitializeOnLoad (32ms)
				EditorAssembliesLoaded (1ms)
			ExecutionOrderSort2 (0ms)
			AwakeInstancesAfterBackupRestoration (20ms)
Platform modules already initialized, skipping
Refreshing native plugins compatible for Editor in 3.76 ms, found 2 plugins.
Preloading 0 native plugins for Editor in 0.00 ms.
Unloading 1891 Unused Serialized files (Serialized files now loaded: 0)
Unloading 14 unused Assets / (97.4 KB). Loaded Objects now: 2547.
Memory consumption went from 129.8 MB to 129.7 MB.
Total: 6.126400 ms (FindLiveObjects: 0.302400 ms CreateObjectMapping: 0.142800 ms MarkObjects: 5.613600 ms  DeleteObjects: 0.065800 ms)

AssetImportParameters requested are different than current active one (requested -> active):
  custom:video-decoder-ogg-theora: a1e56fd34408186e4bbccfd4996cb3dc -> 
  custom:container-muxer-webm: aa71ff27fc2769a1b78a27578f13a17b -> 
  custom:container-demuxer-webm: 4f35f7cbe854078d1ac9338744f61a02 -> 
  custom:video-encoder-webm-vp8: eb34c28f22e8b96e1ab97ce403110664 -> 
  custom:audio-encoder-webm-vorbis: bf7c407c2cedff20999df2af8eb42d56 -> 
  custom:framework-win-MediaFoundation: 216162199b28c13a410421893ffa2e32 -> 
  custom:container-demuxer-ogg: 62fdf1f143b41e24485cea50d1cbac27 -> 
  custom:video-decoder-webm-vp8: 9c59270c3fd7afecdb556c50c9e8de78 -> 
  custom:audio-decoder-ogg-vorbis: bf7c407c2cedff20999df2af8eb42d56 -> 
========================================================================
Received Prepare
Registering precompiled user dll's ...
Registered in 0.004117 seconds.
Begin MonoManager ReloadAssembly
Native extension for WindowsStandalone target not found
Native extension for Android target not found
Native extension for WebGL target not found
Refreshing native plugins compatible for Editor in 2.72 ms, found 2 plugins.
Preloading 0 native plugins for Editor in 0.00 ms.
Mono: successfully reloaded assembly
- Completed reload, in  2.797 seconds
Domain Reload Profiling:
	ReloadAssembly (2799ms)
		BeginReloadAssembly (241ms)
			ExecutionOrderSort (0ms)
			DisableScriptedObjects (11ms)
			BackupInstance (0ms)
			ReleaseScriptingObjects (0ms)
			CreateAndSetChildDomain (51ms)
		EndReloadAssembly (2336ms)
			LoadAssemblies (158ms)
			RebuildTransferFunctionScriptingTraits (0ms)
			SetupTypeCache (486ms)
			ReleaseScriptCaches (2ms)
			RebuildScriptCaches (147ms)
			SetupLoadedEditorAssemblies (1275ms)
				LogAssemblyErrors (0ms)
				InitializePlatformSupportModulesInManaged (107ms)
				SetLoadedEditorAssemblies (2ms)
				RefreshPlugins (3ms)
				BeforeProcessingInitializeOnLoad (199ms)
				ProcessInitializeOnLoadAttributes (786ms)
				ProcessInitializeOnLoadMethodAttributes (137ms)
				AfterProcessingInitializeOnLoad (39ms)
				EditorAssembliesLoaded (1ms)
			ExecutionOrderSort2 (0ms)
			AwakeInstancesAfterBackupRestoration (24ms)
Platform modules already initialized, skipping
Refreshing native plugins compatible for Editor in 2.82 ms, found 2 plugins.
Preloading 0 native plugins for Editor in 0.00 ms.
Unloading 1891 Unused Serialized files (Serialized files now loaded: 0)
Unloading 14 unused Assets / (97.3 KB). Loaded Objects now: 2562.
Memory consumption went from 129.9 MB to 129.8 MB.
Total: 5.911600 ms (FindLiveObjects: 0.336400 ms CreateObjectMapping: 0.155100 ms MarkObjects: 5.374900 ms  DeleteObjects: 0.043300 ms)

AssetImportParameters requested are different than current active one (requested -> active):
  custom:video-decoder-ogg-theora: a1e56fd34408186e4bbccfd4996cb3dc -> 
  custom:container-muxer-webm: aa71ff27fc2769a1b78a27578f13a17b -> 
  custom:container-demuxer-webm: 4f35f7cbe854078d1ac9338744f61a02 -> 
  custom:video-encoder-webm-vp8: eb34c28f22e8b96e1ab97ce403110664 -> 
  custom:audio-encoder-webm-vorbis: bf7c407c2cedff20999df2af8eb42d56 -> 
  custom:framework-win-MediaFoundation: 216162199b28c13a410421893ffa2e32 -> 
  custom:container-demuxer-ogg: 62fdf1f143b41e24485cea50d1cbac27 -> 
  custom:video-decoder-webm-vp8: 9c59270c3fd7afecdb556c50c9e8de78 -> 
  custom:audio-decoder-ogg-vorbis: bf7c407c2cedff20999df2af8eb42d56 -> 
========================================================================
Received Prepare
Registering precompiled user dll's ...
Registered in 0.004002 seconds.
Begin MonoManager ReloadAssembly
Native extension for WindowsStandalone target not found
Native extension for Android target not found
Native extension for WebGL target not found
Refreshing native plugins compatible for Editor in 1.49 ms, found 2 plugins.
Preloading 0 native plugins for Editor in 0.00 ms.
Mono: successfully reloaded assembly
- Completed reload, in  2.468 seconds
Domain Reload Profiling:
	ReloadAssembly (2469ms)
		BeginReloadAssembly (203ms)
			ExecutionOrderSort (0ms)
			DisableScriptedObjects (9ms)
			BackupInstance (0ms)
			ReleaseScriptingObjects (0ms)
			CreateAndSetChildDomain (45ms)
		EndReloadAssembly (2083ms)
			LoadAssemblies (134ms)
			RebuildTransferFunctionScriptingTraits (0ms)
			SetupTypeCache (477ms)
			ReleaseScriptCaches (2ms)
			RebuildScriptCaches (128ms)
			SetupLoadedEditorAssemblies (1161ms)
				LogAssemblyErrors (0ms)
				InitializePlatformSupportModulesInManaged (77ms)
				SetLoadedEditorAssemblies (2ms)
				RefreshPlugins (2ms)
				BeforeProcessingInitializeOnLoad (165ms)
				ProcessInitializeOnLoadAttributes (743ms)
				ProcessInitializeOnLoadMethodAttributes (130ms)
				AfterProcessingInitializeOnLoad (42ms)
				EditorAssembliesLoaded (1ms)
			ExecutionOrderSort2 (0ms)
			AwakeInstancesAfterBackupRestoration (28ms)
Platform modules already initialized, skipping
Refreshing native plugins compatible for Editor in 2.63 ms, found 2 plugins.
Preloading 0 native plugins for Editor in 0.00 ms.
Unloading 1891 Unused Serialized files (Serialized files now loaded: 0)
Unloading 14 unused Assets / (97.4 KB). Loaded Objects now: 2577.
Memory consumption went from 129.9 MB to 129.8 MB.
Total: 6.408500 ms (FindLiveObjects: 0.328400 ms CreateObjectMapping: 0.138300 ms MarkObjects: 5.880800 ms  DeleteObjects: 0.059300 ms)

AssetImportParameters requested are different than current active one (requested -> active):
  custom:video-decoder-ogg-theora: a1e56fd34408186e4bbccfd4996cb3dc -> 
  custom:container-muxer-webm: aa71ff27fc2769a1b78a27578f13a17b -> 
  custom:container-demuxer-webm: 4f35f7cbe854078d1ac9338744f61a02 -> 
  custom:video-encoder-webm-vp8: eb34c28f22e8b96e1ab97ce403110664 -> 
  custom:audio-encoder-webm-vorbis: bf7c407c2cedff20999df2af8eb42d56 -> 
  custom:framework-win-MediaFoundation: 216162199b28c13a410421893ffa2e32 -> 
  custom:container-demuxer-ogg: 62fdf1f143b41e24485cea50d1cbac27 -> 
  custom:video-decoder-webm-vp8: 9c59270c3fd7afecdb556c50c9e8de78 -> 
  custom:audio-decoder-ogg-vorbis: bf7c407c2cedff20999df2af8eb42d56 -> 
========================================================================
Received Prepare
Registering precompiled user dll's ...
Registered in 0.004523 seconds.
Begin MonoManager ReloadAssembly
Native extension for WindowsStandalone target not found
Native extension for Android target not found
Native extension for WebGL target not found
Refreshing native plugins compatible for Editor in 2.80 ms, found 2 plugins.
Preloading 0 native plugins for Editor in 0.00 ms.
Mono: successfully reloaded assembly
- Completed reload, in  3.585 seconds
Domain Reload Profiling:
	ReloadAssembly (3591ms)
		BeginReloadAssembly (420ms)
			ExecutionOrderSort (0ms)
			DisableScriptedObjects (19ms)
			BackupInstance (0ms)
			ReleaseScriptingObjects (0ms)
			CreateAndSetChildDomain (92ms)
		EndReloadAssembly (2794ms)
			LoadAssemblies (273ms)
			RebuildTransferFunctionScriptingTraits (0ms)
			SetupTypeCache (598ms)
			ReleaseScriptCaches (3ms)
			RebuildScriptCaches (163ms)
			SetupLoadedEditorAssemblies (1638ms)
				LogAssemblyErrors (0ms)
				InitializePlatformSupportModulesInManaged (112ms)
				SetLoadedEditorAssemblies (3ms)
				RefreshPlugins (3ms)
				BeforeProcessingInitializeOnLoad (317ms)
				ProcessInitializeOnLoadAttributes (1090ms)
				ProcessInitializeOnLoadMethodAttributes (90ms)
				AfterProcessingInitializeOnLoad (23ms)
				EditorAssembliesLoaded (0ms)
			ExecutionOrderSort2 (0ms)
			AwakeInstancesAfterBackupRestoration (15ms)
Platform modules already initialized, skipping
Refreshing native plugins compatible for Editor in 3.97 ms, found 2 plugins.
Preloading 0 native plugins for Editor in 0.00 ms.
Unloading 1891 Unused Serialized files (Serialized files now loaded: 0)
Unloading 14 unused Assets / (97.3 KB). Loaded Objects now: 2592.
Memory consumption went from 129.9 MB to 129.8 MB.
Total: 8.405200 ms (FindLiveObjects: 0.342200 ms CreateObjectMapping: 0.154100 ms MarkObjects: 7.832500 ms  DeleteObjects: 0.073200 ms)

AssetImportParameters requested are different than current active one (requested -> active):
  custom:video-decoder-ogg-theora: a1e56fd34408186e4bbccfd4996cb3dc -> 
  custom:container-muxer-webm: aa71ff27fc2769a1b78a27578f13a17b -> 
  custom:container-demuxer-webm: 4f35f7cbe854078d1ac9338744f61a02 -> 
  custom:video-encoder-webm-vp8: eb34c28f22e8b96e1ab97ce403110664 -> 
  custom:audio-encoder-webm-vorbis: bf7c407c2cedff20999df2af8eb42d56 -> 
  custom:framework-win-MediaFoundation: 216162199b28c13a410421893ffa2e32 -> 
  custom:container-demuxer-ogg: 62fdf1f143b41e24485cea50d1cbac27 -> 
  custom:video-decoder-webm-vp8: 9c59270c3fd7afecdb556c50c9e8de78 -> 
  custom:audio-decoder-ogg-vorbis: bf7c407c2cedff20999df2af8eb42d56 -> 
========================================================================
Received Prepare
Registering precompiled user dll's ...
Registered in 0.003709 seconds.
Begin MonoManager ReloadAssembly
Native extension for WindowsStandalone target not found
Native extension for Android target not found
Native extension for WebGL target not found
Refreshing native plugins compatible for Editor in 1.80 ms, found 2 plugins.
Preloading 0 native plugins for Editor in 0.00 ms.
Mono: successfully reloaded assembly
- Completed reload, in  2.593 seconds
Domain Reload Profiling:
	ReloadAssembly (2595ms)
		BeginReloadAssembly (196ms)
			ExecutionOrderSort (0ms)
			DisableScriptedObjects (11ms)
			BackupInstance (0ms)
			ReleaseScriptingObjects (0ms)
			CreateAndSetChildDomain (41ms)
		EndReloadAssembly (2232ms)
			LoadAssemblies (124ms)
			RebuildTransferFunctionScriptingTraits (0ms)
			SetupTypeCache (413ms)
			ReleaseScriptCaches (1ms)
			RebuildScriptCaches (126ms)
			SetupLoadedEditorAssemblies (1392ms)
				LogAssemblyErrors (0ms)
				InitializePlatformSupportModulesInManaged (77ms)
				SetLoadedEditorAssemblies (2ms)
				RefreshPlugins (2ms)
				BeforeProcessingInitializeOnLoad (230ms)
				ProcessInitializeOnLoadAttributes (961ms)
				ProcessInitializeOnLoadMethodAttributes (93ms)
				AfterProcessingInitializeOnLoad (26ms)
				EditorAssembliesLoaded (0ms)
			ExecutionOrderSort2 (0ms)
			AwakeInstancesAfterBackupRestoration (14ms)
Platform modules already initialized, skipping
Refreshing native plugins compatible for Editor in 3.05 ms, found 2 plugins.
Preloading 0 native plugins for Editor in 0.00 ms.
Unloading 1891 Unused Serialized files (Serialized files now loaded: 0)
Unloading 14 unused Assets / (97.3 KB). Loaded Objects now: 2607.
Memory consumption went from 129.9 MB to 129.8 MB.
Total: 6.102300 ms (FindLiveObjects: 0.366700 ms CreateObjectMapping: 0.198800 ms MarkObjects: 5.480000 ms  DeleteObjects: 0.055300 ms)

AssetImportParameters requested are different than current active one (requested -> active):
  custom:video-decoder-ogg-theora: a1e56fd34408186e4bbccfd4996cb3dc -> 
  custom:container-muxer-webm: aa71ff27fc2769a1b78a27578f13a17b -> 
  custom:container-demuxer-webm: 4f35f7cbe854078d1ac9338744f61a02 -> 
  custom:video-encoder-webm-vp8: eb34c28f22e8b96e1ab97ce403110664 -> 
  custom:audio-encoder-webm-vorbis: bf7c407c2cedff20999df2af8eb42d56 -> 
  custom:framework-win-MediaFoundation: 216162199b28c13a410421893ffa2e32 -> 
  custom:container-demuxer-ogg: 62fdf1f143b41e24485cea50d1cbac27 -> 
  custom:video-decoder-webm-vp8: 9c59270c3fd7afecdb556c50c9e8de78 -> 
  custom:audio-decoder-ogg-vorbis: bf7c407c2cedff20999df2af8eb42d56 -> 
========================================================================
Received Prepare
Registering precompiled user dll's ...
Registered in 0.003181 seconds.
Begin MonoManager ReloadAssembly
Native extension for WindowsStandalone target not found
Native extension for Android target not found
Native extension for WebGL target not found
Refreshing native plugins compatible for Editor in 1.70 ms, found 2 plugins.
Preloading 0 native plugins for Editor in 0.00 ms.
Mono: successfully reloaded assembly
- Completed reload, in  2.690 seconds
Domain Reload Profiling:
	ReloadAssembly (2692ms)
		BeginReloadAssembly (264ms)
			ExecutionOrderSort (0ms)
			DisableScriptedObjects (10ms)
			BackupInstance (0ms)
			ReleaseScriptingObjects (0ms)
			CreateAndSetChildDomain (42ms)
		EndReloadAssembly (2210ms)
			LoadAssemblies (193ms)
			RebuildTransferFunctionScriptingTraits (0ms)
			SetupTypeCache (512ms)
			ReleaseScriptCaches (1ms)
			RebuildScriptCaches (158ms)
			SetupLoadedEditorAssemblies (1182ms)
				LogAssemblyErrors (0ms)
				InitializePlatformSupportModulesInManaged (71ms)
				SetLoadedEditorAssemblies (2ms)
				RefreshPlugins (2ms)
				BeforeProcessingInitializeOnLoad (164ms)
				ProcessInitializeOnLoadAttributes (774ms)
				ProcessInitializeOnLoadMethodAttributes (132ms)
				AfterProcessingInitializeOnLoad (36ms)
				EditorAssembliesLoaded (1ms)
			ExecutionOrderSort2 (0ms)
			AwakeInstancesAfterBackupRestoration (22ms)
Platform modules already initialized, skipping
Refreshing native plugins compatible for Editor in 3.15 ms, found 2 plugins.
Preloading 0 native plugins for Editor in 0.00 ms.
Unloading 1891 Unused Serialized files (Serialized files now loaded: 0)
Unloading 14 unused Assets / (97.4 KB). Loaded Objects now: 2622.
Memory consumption went from 129.9 MB to 129.8 MB.
Total: 6.591500 ms (FindLiveObjects: 0.309800 ms CreateObjectMapping: 0.138600 ms MarkObjects: 6.076900 ms  DeleteObjects: 0.064600 ms)

AssetImportParameters requested are different than current active one (requested -> active):
  custom:video-decoder-ogg-theora: a1e56fd34408186e4bbccfd4996cb3dc -> 
  custom:container-muxer-webm: aa71ff27fc2769a1b78a27578f13a17b -> 
  custom:container-demuxer-webm: 4f35f7cbe854078d1ac9338744f61a02 -> 
  custom:video-encoder-webm-vp8: eb34c28f22e8b96e1ab97ce403110664 -> 
  custom:audio-encoder-webm-vorbis: bf7c407c2cedff20999df2af8eb42d56 -> 
  custom:framework-win-MediaFoundation: 216162199b28c13a410421893ffa2e32 -> 
  custom:container-demuxer-ogg: 62fdf1f143b41e24485cea50d1cbac27 -> 
  custom:video-decoder-webm-vp8: 9c59270c3fd7afecdb556c50c9e8de78 -> 
  custom:audio-decoder-ogg-vorbis: bf7c407c2cedff20999df2af8eb42d56 -> 
========================================================================
Received Import Request.
  Time since last request: 11445.869893 seconds.
  path: Assets/Scenes/Garage Scene 1.unity
  artifactKey: Guid(5eacbcf16b5c21a4b9f3b71ee9e5f812) Importer(815301076,1909f56bfc062723c751e8b465ee728b)
Start importing Assets/Scenes/Garage Scene 1.unity using Guid(5eacbcf16b5c21a4b9f3b71ee9e5f812) Importer(815301076,1909f56bfc062723c751e8b465ee728b)  -> (artifact id: '5fc8f09a4e436eb865fd5438fdb38967') in 0.008083 seconds 
========================================================================
Received Import Request.
  Time since last request: 65.281930 seconds.
  path: Assets/Scenes/Map01.unity
  artifactKey: Guid(233665a73b3957049a1d38686468e293) Importer(815301076,1909f56bfc062723c751e8b465ee728b)
Start importing Assets/Scenes/Map01.unity using Guid(233665a73b3957049a1d38686468e293) Importer(815301076,1909f56bfc062723c751e8b465ee728b)  -> (artifact id: '8d52aaf295506ac76534714cf7886b46') in 0.001118 seconds 
========================================================================
Received Import Request.
  Time since last request: 118.581640 seconds.
  path: Assets/Scenes/Map01.unity
  artifactKey: Guid(233665a73b3957049a1d38686468e293) Importer(815301076,1909f56bfc062723c751e8b465ee728b)
Start importing Assets/Scenes/Map01.unity using Guid(233665a73b3957049a1d38686468e293) Importer(815301076,1909f56bfc062723c751e8b465ee728b)  -> (artifact id: 'e22c24c196b8f3e5a6e140307b6bd6da') in 0.000956 seconds 
========================================================================
Received Import Request.
  Time since last request: 1618.827697 seconds.
  path: Assets/Scenes/Map01.unity
  artifactKey: Guid(233665a73b3957049a1d38686468e293) Importer(815301076,1909f56bfc062723c751e8b465ee728b)
Start importing Assets/Scenes/Map01.unity using Guid(233665a73b3957049a1d38686468e293) Importer(815301076,1909f56bfc062723c751e8b465ee728b)  -> (artifact id: '0a20e884342b27d6b013cffad37e2eb7') in 0.001321 seconds 
========================================================================
Received Prepare
Refreshing native plugins compatible for Editor in 4.64 ms, found 2 plugins.
Preloading 0 native plugins for Editor in 0.00 ms.
Unloading 14 Unused Serialized files (Serialized files now loaded: 0)
Unloading 14 unused Assets / (94.6 KB). Loaded Objects now: 2622.
Memory consumption went from 92.2 MB to 92.1 MB.
Total: 7.536100 ms (FindLiveObjects: 0.350600 ms CreateObjectMapping: 0.132800 ms MarkObjects: 6.986300 ms  DeleteObjects: 0.064500 ms)

AssetImportParameters requested are different than current active one (requested -> active):
  custom:video-decoder-ogg-theora: a1e56fd34408186e4bbccfd4996cb3dc -> 
  custom:container-muxer-webm: aa71ff27fc2769a1b78a27578f13a17b -> 
  custom:container-demuxer-webm: 4f35f7cbe854078d1ac9338744f61a02 -> 
  custom:video-encoder-webm-vp8: eb34c28f22e8b96e1ab97ce403110664 -> 
  custom:audio-encoder-webm-vorbis: bf7c407c2cedff20999df2af8eb42d56 -> 
  custom:framework-win-MediaFoundation: 216162199b28c13a410421893ffa2e32 -> 
  custom:SearchIndexIgnoredProperties: e643bd26f0fe6173181afceb89e7c659 -> 
  custom:container-demuxer-ogg: 62fdf1f143b41e24485cea50d1cbac27 -> 
  custom:video-decoder-webm-vp8: 9c59270c3fd7afecdb556c50c9e8de78 -> 
  custom:audio-decoder-ogg-vorbis: bf7c407c2cedff20999df2af8eb42d56 -> 
========================================================================
Received Import Request.
  Time since last request: 142.689403 seconds.
  path: Assets/Scenes/Map02.unity
  artifactKey: Guid(e82a0c7cf6aa6504daa551b17979d57e) Importer(815301076,1909f56bfc062723c751e8b465ee728b)
Start importing Assets/Scenes/Map02.unity using Guid(e82a0c7cf6aa6504daa551b17979d57e) Importer(815301076,1909f56bfc062723c751e8b465ee728b)  -> (artifact id: 'f58fb55d7cf410e7c9a677244ac3fc92') in 0.001006 seconds 
========================================================================
Received Import Request.
  Time since last request: 584.298847 seconds.
  path: Assets/Scenes/Map02.unity
  artifactKey: Guid(e82a0c7cf6aa6504daa551b17979d57e) Importer(815301076,1909f56bfc062723c751e8b465ee728b)
Start importing Assets/Scenes/Map02.unity using Guid(e82a0c7cf6aa6504daa551b17979d57e) Importer(815301076,1909f56bfc062723c751e8b465ee728b)  -> (artifact id: '8b3196fff792cecda34f023cccdcecee') in 0.003287 seconds 
========================================================================
Received Import Request.
  Time since last request: 33.813723 seconds.
  path: Assets/Scenes/Map03.unity
  artifactKey: Guid(4232a23635d3067419ba026feaca6717) Importer(815301076,1909f56bfc062723c751e8b465ee728b)
Start importing Assets/Scenes/Map03.unity using Guid(4232a23635d3067419ba026feaca6717) Importer(815301076,1909f56bfc062723c751e8b465ee728b)  -> (artifact id: 'a16a0a33eb962fab5ae1f8645f7ef4d7') in 0.002858 seconds 
========================================================================
Received Import Request.
  Time since last request: 379.302652 seconds.
  path: Assets/Scenes/Map02.unity
  artifactKey: Guid(e82a0c7cf6aa6504daa551b17979d57e) Importer(815301076,1909f56bfc062723c751e8b465ee728b)
Start importing Assets/Scenes/Map02.unity using Guid(e82a0c7cf6aa6504daa551b17979d57e) Importer(815301076,1909f56bfc062723c751e8b465ee728b)  -> (artifact id: '3d0e863709361c8434a4a6ee7d3281c5') in 0.002833 seconds 
========================================================================
Received Import Request.
  Time since last request: 1202.565206 seconds.
  path: Assets/Scenes/Map03.unity
  artifactKey: Guid(4232a23635d3067419ba026feaca6717) Importer(815301076,1909f56bfc062723c751e8b465ee728b)
Start importing Assets/Scenes/Map03.unity using Guid(4232a23635d3067419ba026feaca6717) Importer(815301076,1909f56bfc062723c751e8b465ee728b)  -> (artifact id: 'dae9e5b1339ad12fb41ac6eda62e2b8c') in 0.003402 seconds 
========================================================================
Received Import Request.
  Time since last request: 748.837778 seconds.
  path: Assets/Scenes/Map04.unity
  artifactKey: Guid(062fdd9c23065464c9034516ca51d5a5) Importer(815301076,1909f56bfc062723c751e8b465ee728b)
Start importing Assets/Scenes/Map04.unity using Guid(062fdd9c23065464c9034516ca51d5a5) Importer(815301076,1909f56bfc062723c751e8b465ee728b)  -> (artifact id: '47361ea8f2ded600a37355c6b6efb18f') in 0.003365 seconds 
========================================================================
Received Prepare
Refreshing native plugins compatible for Editor in 15.64 ms, found 2 plugins.
Preloading 0 native plugins for Editor in 0.00 ms.
Unloading 14 Unused Serialized files (Serialized files now loaded: 0)
Unloading 14 unused Assets / (94.6 KB). Loaded Objects now: 2622.
Memory consumption went from 92.2 MB to 92.1 MB.
Total: 29.412300 ms (FindLiveObjects: 0.807300 ms CreateObjectMapping: 0.441400 ms MarkObjects: 28.020800 ms  DeleteObjects: 0.139000 ms)

AssetImportParameters requested are different than current active one (requested -> active):
  custom:video-decoder-ogg-theora: a1e56fd34408186e4bbccfd4996cb3dc -> 
  custom:container-muxer-webm: aa71ff27fc2769a1b78a27578f13a17b -> 
  custom:container-demuxer-webm: 4f35f7cbe854078d1ac9338744f61a02 -> 
  custom:video-encoder-webm-vp8: eb34c28f22e8b96e1ab97ce403110664 -> 
  custom:audio-encoder-webm-vorbis: bf7c407c2cedff20999df2af8eb42d56 -> 
  custom:framework-win-MediaFoundation: 216162199b28c13a410421893ffa2e32 -> 
  custom:SearchIndexIgnoredProperties: e643bd26f0fe6173181afceb89e7c659 -> 
  custom:container-demuxer-ogg: 62fdf1f143b41e24485cea50d1cbac27 -> 
  custom:video-decoder-webm-vp8: 9c59270c3fd7afecdb556c50c9e8de78 -> 
  custom:audio-decoder-ogg-vorbis: bf7c407c2cedff20999df2af8eb42d56 -> 
