Using pre-set license
Built from '2021.3/staging' branch; Version is '2021.3.8f1 (b30333d56e81) revision 11731763'; Using compiler version '192829333'; Build Type 'Release'
OS: 'Windows 10  (10.0.19044) 64bit Professional' Language: 'en' Physical Memory: 32609 MB
BatchMode: 1, IsHumanControllingUs: 0, StartBugReporterOnCrash: 0, Is64bit: 1, IsPro: 1

COMMAND LINE ARGUMENTS:
C:\Program Files\Unity\Editor\2021.3.8f1\Editor\Unity.exe
-adb2
-batchMode
-noUpm
-name
AssetImportWorker6
-projectPath
F:/Workspace/Race Game
-logFile
Logs/AssetImportWorker6.log
-srvPort
59317
Successfully changed project path to: F:/Workspace/Race Game
F:/Workspace/Race Game
[UnityMemory] Configuration Parameters - Can be set up in boot.config
    "memorysetup-bucket-allocator-granularity=16"
    "memorysetup-bucket-allocator-bucket-count=8"
    "memorysetup-bucket-allocator-block-size=33554432"
    "memorysetup-bucket-allocator-block-count=8"
    "memorysetup-main-allocator-block-size=16777216"
    "memorysetup-thread-allocator-block-size=16777216"
    "memorysetup-gfx-main-allocator-block-size=16777216"
    "memorysetup-gfx-thread-allocator-block-size=16777216"
    "memorysetup-cache-allocator-block-size=4194304"
    "memorysetup-typetree-allocator-block-size=2097152"
    "memorysetup-profiler-bucket-allocator-granularity=16"
    "memorysetup-profiler-bucket-allocator-bucket-count=8"
    "memorysetup-profiler-bucket-allocator-block-size=33554432"
    "memorysetup-profiler-bucket-allocator-block-count=8"
    "memorysetup-profiler-allocator-block-size=16777216"
    "memorysetup-profiler-editor-allocator-block-size=1048576"
    "memorysetup-temp-allocator-size-main=16777216"
    "memorysetup-job-temp-allocator-block-size=2097152"
    "memorysetup-job-temp-allocator-block-size-background=1048576"
    "memorysetup-job-temp-allocator-reduction-small-platforms=262144"
    "memorysetup-temp-allocator-size-background-worker=32768"
    "memorysetup-temp-allocator-size-job-worker=262144"
    "memorysetup-temp-allocator-size-preload-manager=33554432"
    "memorysetup-temp-allocator-size-nav-mesh-worker=65536"
    "memorysetup-temp-allocator-size-audio-worker=65536"
    "memorysetup-temp-allocator-size-cloud-worker=32768"
    "memorysetup-temp-allocator-size-gi-baking-worker=262144"
    "memorysetup-temp-allocator-size-gfx=262144"
Refreshing native plugins compatible for Editor in 213.07 ms, found 2 plugins.
Preloading 0 native plugins for Editor in 0.00 ms.
Initialize engine version: 2021.3.8f1 (b30333d56e81)
[Subsystems] Discovering subsystems at path C:/Program Files/Unity/Editor/2021.3.8f1/Editor/Data/Resources/UnitySubsystems
[Subsystems] Discovering subsystems at path F:/Workspace/Race Game/Assets
GfxDevice: creating device client; threaded=0; jobified=0
Direct3D:
    Version:  Direct3D 11.0 [level 11.1]
    Renderer: NVIDIA GeForce GTX 1660 Ti with Max-Q Design (ID=0x2191)
    Vendor:   NVIDIA
    VRAM:     5991 MB
    Driver:   31.0.15.1694
Initialize mono
Mono path[0] = 'C:/Program Files/Unity/Editor/2021.3.8f1/Editor/Data/Managed'
Mono path[1] = 'C:/Program Files/Unity/Editor/2021.3.8f1/Editor/Data/MonoBleedingEdge/lib/mono/unityjit-win32'
Mono config path = 'C:/Program Files/Unity/Editor/2021.3.8f1/Editor/Data/MonoBleedingEdge/etc'
Using monoOptions --debugger-agent=transport=dt_socket,embedding=1,server=y,suspend=n,address=127.0.0.1:56436
Begin MonoManager ReloadAssembly
Registering precompiled unity dll's ...
Register platform support module: C:/Program Files/Unity/Editor/2021.3.8f1/Editor/Data/PlaybackEngines/WebGLSupport/UnityEditor.WebGL.Extensions.dll
Register platform support module: C:/Program Files/Unity/Editor/2021.3.8f1/Editor/Data/PlaybackEngines/AndroidPlayer/UnityEditor.Android.Extensions.dll
Register platform support module: C:/Program Files/Unity/Editor/2021.3.8f1/Editor/Data/PlaybackEngines/WindowsStandaloneSupport/UnityEditor.WindowsStandalone.Extensions.dll
Registered in 0.034029 seconds.
Native extension for WindowsStandalone target not found
Native extension for Android target not found
Native extension for WebGL target not found
Refreshing native plugins compatible for Editor in 205.71 ms, found 2 plugins.
Preloading 0 native plugins for Editor in 0.00 ms.
Mono: successfully reloaded assembly
- Completed reload, in  3.024 seconds
Domain Reload Profiling:
	ReloadAssembly (3026ms)
		BeginReloadAssembly (363ms)
			ExecutionOrderSort (0ms)
			DisableScriptedObjects (0ms)
			BackupInstance (0ms)
			ReleaseScriptingObjects (0ms)
			CreateAndSetChildDomain (3ms)
		EndReloadAssembly (2136ms)
			LoadAssemblies (357ms)
			RebuildTransferFunctionScriptingTraits (0ms)
			SetupTypeCache (583ms)
			ReleaseScriptCaches (0ms)
			RebuildScriptCaches (137ms)
			SetupLoadedEditorAssemblies (1181ms)
				LogAssemblyErrors (0ms)
				InitializePlatformSupportModulesInManaged (260ms)
				SetLoadedEditorAssemblies (7ms)
				RefreshPlugins (206ms)
				BeforeProcessingInitializeOnLoad (6ms)
				ProcessInitializeOnLoadAttributes (483ms)
				ProcessInitializeOnLoadMethodAttributes (218ms)
				AfterProcessingInitializeOnLoad (0ms)
				EditorAssembliesLoaded (0ms)
			ExecutionOrderSort2 (0ms)
			AwakeInstancesAfterBackupRestoration (0ms)
Platform modules already initialized, skipping
Registering precompiled user dll's ...
Registered in 0.009118 seconds.
Begin MonoManager ReloadAssembly
Native extension for WindowsStandalone target not found
Native extension for Android target not found
Native extension for WebGL target not found
Refreshing native plugins compatible for Editor in 1.75 ms, found 2 plugins.
Preloading 0 native plugins for Editor in 0.00 ms.
Mono: successfully reloaded assembly
- Completed reload, in  4.359 seconds
Domain Reload Profiling:
	ReloadAssembly (4362ms)
		BeginReloadAssembly (619ms)
			ExecutionOrderSort (0ms)
			DisableScriptedObjects (27ms)
			BackupInstance (0ms)
			ReleaseScriptingObjects (0ms)
			CreateAndSetChildDomain (184ms)
		EndReloadAssembly (3198ms)
			LoadAssemblies (322ms)
			RebuildTransferFunctionScriptingTraits (0ms)
			SetupTypeCache (862ms)
			ReleaseScriptCaches (1ms)
			RebuildScriptCaches (235ms)
			SetupLoadedEditorAssemblies (1622ms)
				LogAssemblyErrors (0ms)
				InitializePlatformSupportModulesInManaged (70ms)
				SetLoadedEditorAssemblies (2ms)
				RefreshPlugins (2ms)
				BeforeProcessingInitializeOnLoad (284ms)
				ProcessInitializeOnLoadAttributes (1090ms)
				ProcessInitializeOnLoadMethodAttributes (140ms)
				AfterProcessingInitializeOnLoad (33ms)
				EditorAssembliesLoaded (1ms)
			ExecutionOrderSort2 (0ms)
			AwakeInstancesAfterBackupRestoration (24ms)
Platform modules already initialized, skipping
========================================================================
Worker process is ready to serve import requests
Launched and connected shader compiler UnityShaderCompiler.exe after 0.19 seconds
Refreshing native plugins compatible for Editor in 1.83 ms, found 2 plugins.
Preloading 0 native plugins for Editor in 0.00 ms.
Unloading 1912 Unused Serialized files (Serialized files now loaded: 0)
Unloading 32 unused Assets / (105.0 KB). Loaded Objects now: 2424.
Memory consumption went from 127.0 MB to 126.9 MB.
Total: 10.892800 ms (FindLiveObjects: 0.483400 ms CreateObjectMapping: 0.296200 ms MarkObjects: 9.978500 ms  DeleteObjects: 0.131700 ms)

AssetImportParameters requested are different than current active one (requested -> active):
  custom:video-decoder-ogg-theora: a1e56fd34408186e4bbccfd4996cb3dc -> 
  custom:container-muxer-webm: aa71ff27fc2769a1b78a27578f13a17b -> 
  custom:container-demuxer-webm: 4f35f7cbe854078d1ac9338744f61a02 -> 
  custom:video-encoder-webm-vp8: eb34c28f22e8b96e1ab97ce403110664 -> 
  custom:audio-encoder-webm-vorbis: bf7c407c2cedff20999df2af8eb42d56 -> 
  custom:framework-win-MediaFoundation: 216162199b28c13a410421893ffa2e32 -> 
  custom:container-demuxer-ogg: 62fdf1f143b41e24485cea50d1cbac27 -> 
  custom:video-decoder-webm-vp8: 9c59270c3fd7afecdb556c50c9e8de78 -> 
  custom:audio-decoder-ogg-vorbis: bf7c407c2cedff20999df2af8eb42d56 -> 
========================================================================
Received Import Request.
  Time since last request: 2030544.370883 seconds.
  path: Assets/Simple Garage/Textures/2K-false_ceiling_normal.png
  artifactKey: Guid(b722543030734cb4893dea1471a6b4fb) Importer(815301076,1909f56bfc062723c751e8b465ee728b)
Start importing Assets/Simple Garage/Textures/2K-false_ceiling_normal.png using Guid(b722543030734cb4893dea1471a6b4fb) Importer(815301076,1909f56bfc062723c751e8b465ee728b)  -> (artifact id: 'c8e465ea7b1a5271c212efe203675363') in 0.375260 seconds 
========================================================================
Received Import Request.
  Time since last request: 26.789973 seconds.
  path: Assets/Simple Garage/Textures/2K-false_ceiling_normal.png
  artifactKey: Guid(b722543030734cb4893dea1471a6b4fb) Importer(815301076,1909f56bfc062723c751e8b465ee728b)
Start importing Assets/Simple Garage/Textures/2K-false_ceiling_normal.png using Guid(b722543030734cb4893dea1471a6b4fb) Importer(815301076,1909f56bfc062723c751e8b465ee728b)  -> (artifact id: '844f6e017d6b441da37fba25fb852582') in 0.037937 seconds 
========================================================================
Received Import Request.
  Time since last request: 0.000060 seconds.
  path: Assets/Simple Garage/Textures/Camouflage suitcase relief albedo.png
  artifactKey: Guid(c7eea5edc5c27944da4e38a8767a2d69) Importer(815301076,1909f56bfc062723c751e8b465ee728b)
Start importing Assets/Simple Garage/Textures/Camouflage suitcase relief albedo.png using Guid(c7eea5edc5c27944da4e38a8767a2d69) Importer(815301076,1909f56bfc062723c751e8b465ee728b)  -> (artifact id: '9f64000a93b189e7be147cb609506fa2') in 0.030377 seconds 
========================================================================
Received Import Request.
  Time since last request: 0.000067 seconds.
  path: Assets/Simple Garage/Textures/Carpet albedo.png
  artifactKey: Guid(9f016cfac9eabb142933f7be87bc3d1e) Importer(815301076,1909f56bfc062723c751e8b465ee728b)
Start importing Assets/Simple Garage/Textures/Carpet albedo.png using Guid(9f016cfac9eabb142933f7be87bc3d1e) Importer(815301076,1909f56bfc062723c751e8b465ee728b)  -> (artifact id: 'c9bd4d76166fbeef3b592d9e2c618cd7') in 0.025076 seconds 
========================================================================
Received Import Request.
  Time since last request: 0.000076 seconds.
  path: Assets/Simple Garage/Textures/et_nonslip_vrusty_s.png
  artifactKey: Guid(7e352a2c8ff40c84d9446f55e6256368) Importer(815301076,1909f56bfc062723c751e8b465ee728b)
Start importing Assets/Simple Garage/Textures/et_nonslip_vrusty_s.png using Guid(7e352a2c8ff40c84d9446f55e6256368) Importer(815301076,1909f56bfc062723c751e8b465ee728b)  -> (artifact id: 'f27b81c136083800760b7b6a99d226ae') in 0.028785 seconds 
========================================================================
Received Import Request.
  Time since last request: 0.000087 seconds.
  path: Assets/Simple Garage/Textures/2K-tiling_44_basecolor.png
  artifactKey: Guid(a5c584959a4953447bb7631623619f4d) Importer(815301076,1909f56bfc062723c751e8b465ee728b)
Start importing Assets/Simple Garage/Textures/2K-tiling_44_basecolor.png using Guid(a5c584959a4953447bb7631623619f4d) Importer(815301076,1909f56bfc062723c751e8b465ee728b)  -> (artifact id: 'c39e4740aa66f314c60767ea75a446ca') in 0.029074 seconds 
========================================================================
Received Import Request.
  Time since last request: 57.189506 seconds.
  path: Assets/Simple Garage/Textures/2K-false_ceiling_roughness.png
  artifactKey: Guid(a97c31b855888cf46b5ac18a602e4bf6) Importer(815301076,1909f56bfc062723c751e8b465ee728b)
Start importing Assets/Simple Garage/Textures/2K-false_ceiling_roughness.png using Guid(a97c31b855888cf46b5ac18a602e4bf6) Importer(815301076,1909f56bfc062723c751e8b465ee728b)  -> (artifact id: '36cf75ee1c30464054586564f76ad1c3') in 0.056700 seconds 
========================================================================
Received Import Request.
  Time since last request: 0.000115 seconds.
  path: Assets/Simple Garage/Textures/Camouflage suitcase relief albedo.png
  artifactKey: Guid(c7eea5edc5c27944da4e38a8767a2d69) Importer(815301076,1909f56bfc062723c751e8b465ee728b)
Start importing Assets/Simple Garage/Textures/Camouflage suitcase relief albedo.png using Guid(c7eea5edc5c27944da4e38a8767a2d69) Importer(815301076,1909f56bfc062723c751e8b465ee728b)  -> (artifact id: 'fb2bae292f41932c42f4f2b052adf3b4') in 0.030624 seconds 
========================================================================
Received Import Request.
  Time since last request: 0.000097 seconds.
  path: Assets/Simple Garage/Textures/ah_dx17_conc_clean.png
  artifactKey: Guid(0a025b97ccdb32b46b9dbeba0e20b88e) Importer(815301076,1909f56bfc062723c751e8b465ee728b)
Start importing Assets/Simple Garage/Textures/ah_dx17_conc_clean.png using Guid(0a025b97ccdb32b46b9dbeba0e20b88e) Importer(815301076,1909f56bfc062723c751e8b465ee728b)  -> (artifact id: '3694713883e44bf6d155434cdf271248') in 0.023390 seconds 
========================================================================
Received Import Request.
  Time since last request: 0.000075 seconds.
  path: Assets/Simple Garage/Textures/Carpet normal.png
  artifactKey: Guid(f4e2b9a4e26ea4d4e9e111f77707e914) Importer(815301076,1909f56bfc062723c751e8b465ee728b)
Start importing Assets/Simple Garage/Textures/Carpet normal.png using Guid(f4e2b9a4e26ea4d4e9e111f77707e914) Importer(815301076,1909f56bfc062723c751e8b465ee728b)  -> (artifact id: 'ea77fd7e26ee3a8466ef5f4728e1180d') in 0.024704 seconds 
========================================================================
Received Import Request.
  Time since last request: 0.000092 seconds.
  path: Assets/Simple Garage/Textures/2K-tiling_44_normal.png
  artifactKey: Guid(d5d7bf261e5338146abc85e5c3f572a9) Importer(815301076,1909f56bfc062723c751e8b465ee728b)
Start importing Assets/Simple Garage/Textures/2K-tiling_44_normal.png using Guid(d5d7bf261e5338146abc85e5c3f572a9) Importer(815301076,1909f56bfc062723c751e8b465ee728b)  -> (artifact id: '37a28741eb7e003c97d5a663d7a8fe78') in 0.077494 seconds 
Editor requested this worker to shutdown with reason: Scaling down because of idle timeout
AssetImportWorker is now disconnected from the server
Process exiting
Exiting without the bug reporter. Application will terminate with return code 0